This is XeTeX, Version 3.14159265-2.6-0.999992 (TeX Live 2020/W32TeX) (preloaded format=xelatex 2021.3.21)  22 MAR 2021 00:45
entering extended mode
 restricted \write18 enabled.
 %&-line parsing enabled.
**bookdown-demo.tex
(./bookdown-demo.tex
LaTeX2e <2020-10-01> patch level 4
L3 programming layer <2021-02-18> (c:/Users/lsbap/AppData/Roaming/TinyTeX/texmf
-dist/tex/latex/base/book.cls
Document Class: book 2020/04/10 v1.4m Standard LaTeX document class
(c:/Users/lsbap/AppData/Roaming/TinyTeX/texmf-dist/tex/latex/base/bk12.clo
File: bk12.clo 2020/04/10 v1.4m Standard LaTeX file (size option)
)
\c@part=\count175
\c@chapter=\count176
\c@section=\count177
\c@subsection=\count178
\c@subsubsection=\count179
\c@paragraph=\count180
\c@subparagraph=\count181
\c@figure=\count182
\c@table=\count183
\abovecaptionskip=\skip47
\belowcaptionskip=\skip48
\bibindent=\dimen138
) (c:/Users/lsbap/AppData/Roaming/TinyTeX/texmf-dist/tex/latex/lm/lmodern.sty
Package: lmodern 2009/10/30 v1.6 Latin Modern Fonts
LaTeX Font Info:    Overwriting symbol font `operators' in version `normal'
(Font)                  OT1/cmr/m/n --> OT1/lmr/m/n on input line 22.
LaTeX Font Info:    Overwriting symbol font `letters' in version `normal'
(Font)                  OML/cmm/m/it --> OML/lmm/m/it on input line 23.
LaTeX Font Info:    Overwriting symbol font `symbols' in version `normal'
(Font)                  OMS/cmsy/m/n --> OMS/lmsy/m/n on input line 24.
LaTeX Font Info:    Overwriting symbol font `largesymbols' in version `normal'
(Font)                  OMX/cmex/m/n --> OMX/lmex/m/n on input line 25.
LaTeX Font Info:    Overwriting symbol font `operators' in version `bold'
(Font)                  OT1/cmr/bx/n --> OT1/lmr/bx/n on input line 26.
LaTeX Font Info:    Overwriting symbol font `letters' in version `bold'
(Font)                  OML/cmm/b/it --> OML/lmm/b/it on input line 27.
LaTeX Font Info:    Overwriting symbol font `symbols' in version `bold'
(Font)                  OMS/cmsy/b/n --> OMS/lmsy/b/n on input line 28.
LaTeX Font Info:    Overwriting symbol font `largesymbols' in version `bold'
(Font)                  OMX/cmex/m/n --> OMX/lmex/m/n on input line 29.
LaTeX Font Info:    Overwriting math alphabet `\mathbf' in version `normal'
(Font)                  OT1/cmr/bx/n --> OT1/lmr/bx/n on input line 31.
LaTeX Font Info:    Overwriting math alphabet `\mathsf' in version `normal'
(Font)                  OT1/cmss/m/n --> OT1/lmss/m/n on input line 32.
LaTeX Font Info:    Overwriting math alphabet `\mathit' in version `normal'
(Font)                  OT1/cmr/m/it --> OT1/lmr/m/it on input line 33.
LaTeX Font Info:    Overwriting math alphabet `\mathtt' in version `normal'
(Font)                  OT1/cmtt/m/n --> OT1/lmtt/m/n on input line 34.
LaTeX Font Info:    Overwriting math alphabet `\mathbf' in version `bold'
(Font)                  OT1/cmr/bx/n --> OT1/lmr/bx/n on input line 35.
LaTeX Font Info:    Overwriting math alphabet `\mathsf' in version `bold'
(Font)                  OT1/cmss/bx/n --> OT1/lmss/bx/n on input line 36.
LaTeX Font Info:    Overwriting math alphabet `\mathit' in version `bold'
(Font)                  OT1/cmr/bx/it --> OT1/lmr/bx/it on input line 37.
LaTeX Font Info:    Overwriting math alphabet `\mathtt' in version `bold'
(Font)                  OT1/cmtt/m/n --> OT1/lmtt/m/n on input line 38.
)
(c:/Users/lsbap/AppData/Roaming/TinyTeX/texmf-dist/tex/latex/setspace/setspace.
sty
Package: setspace 2011/12/19 v6.7a set line spacing
)
(c:/Users/lsbap/AppData/Roaming/TinyTeX/texmf-dist/tex/latex/amsmath/amsmath.st
y
Package: amsmath 2020/09/23 v2.17i AMS math features
\@mathmargin=\skip49
For additional information on amsmath, use the `?' option.

(c:/Users/lsbap/AppData/Roaming/TinyTeX/texmf-dist/tex/latex/amsmath/amstext.st
y
Package: amstext 2000/06/29 v2.01 AMS text

(c:/Users/lsbap/AppData/Roaming/TinyTeX/texmf-dist/tex/latex/amsmath/amsgen.sty
File: amsgen.sty 1999/11/30 v2.0 generic functions
\@emptytoks=\toks15
\ex@=\dimen139
))
(c:/Users/lsbap/AppData/Roaming/TinyTeX/texmf-dist/tex/latex/amsmath/amsbsy.sty
Package: amsbsy 1999/11/29 v1.2d Bold Symbols
\pmbraise@=\dimen140
)
(c:/Users/lsbap/AppData/Roaming/TinyTeX/texmf-dist/tex/latex/amsmath/amsopn.sty
Package: amsopn 2016/03/08 v2.02 operator names
)
\inf@bad=\count184
LaTeX Info: Redefining \frac on input line 234.
\uproot@=\count185
\leftroot@=\count186
LaTeX Info: Redefining \overline on input line 399.
\classnum@=\count187
\DOTSCASE@=\count188
LaTeX Info: Redefining \ldots on input line 496.
LaTeX Info: Redefining \dots on input line 499.
LaTeX Info: Redefining \cdots on input line 620.
\Mathstrutbox@=\box47
\strutbox@=\box48
\big@size=\dimen141
LaTeX Font Info:    Redeclaring font encoding OML on input line 743.
LaTeX Font Info:    Redeclaring font encoding OMS on input line 744.
\macc@depth=\count189
\c@MaxMatrixCols=\count190
\dotsspace@=\muskip16
\c@parentequation=\count191
\dspbrk@lvl=\count192
\tag@help=\toks16
\row@=\count193
\column@=\count194
\maxfields@=\count195
\andhelp@=\toks17
\eqnshift@=\dimen142
\alignsep@=\dimen143
\tagshift@=\dimen144
\tagwidth@=\dimen145
\totwidth@=\dimen146
\lineht@=\dimen147
\@envbody=\toks18
\multlinegap=\skip50
\multlinetaggap=\skip51
\mathdisplay@stack=\toks19
LaTeX Info: Redefining \[ on input line 2923.
LaTeX Info: Redefining \] on input line 2924.
)
(c:/Users/lsbap/AppData/Roaming/TinyTeX/texmf-dist/tex/generic/iftex/ifxetex.st
y
Package: ifxetex 2019/10/25 v0.7 ifxetex legacy package. Use iftex instead.
(c:/Users/lsbap/AppData/Roaming/TinyTeX/texmf-dist/tex/generic/iftex/iftex.sty
Package: iftex 2020/03/06 v1.0d TeX engine tests
))
(c:/Users/lsbap/AppData/Roaming/TinyTeX/texmf-dist/tex/generic/iftex/ifluatex.s
ty
Package: ifluatex 2019/10/25 v1.5 ifluatex legacy package. Use iftex instead.
)
(c:/Users/lsbap/AppData/Roaming/TinyTeX/texmf-dist/tex/latex/unicode-math/unico
de-math.sty
(c:/Users/lsbap/AppData/Roaming/TinyTeX/texmf-dist/tex/latex/l3kernel/expl3.sty
Package: expl3 2021-02-18 L3 programming layer (loader) 

(c:/Users/lsbap/AppData/Roaming/TinyTeX/texmf-dist/tex/latex/l3backend/l3backen
d-xetex.def
File: l3backend-xetex.def 2021-03-18 L3 backend support: XeTeX
(|extractbb --version)
\c__kernel_sys_dvipdfmx_version_int=\count196
\l__color_backend_stack_int=\count197
\g__color_backend_stack_int=\count198
\g__graphics_track_int=\count199
\l__pdf_internal_box=\box49
\g__pdf_backend_object_int=\count266
\g__pdf_backend_annotation_int=\count267
\g__pdf_backend_link_int=\count268
))
Package: unicode-math 2020/01/31 v0.8q Unicode maths in XeLaTeX and LuaLaTeX

(c:/Users/lsbap/AppData/Roaming/TinyTeX/texmf-dist/tex/latex/unicode-math/unico
de-math-xetex.sty
Package: unicode-math-xetex 2020/01/31 v0.8q Unicode maths in XeLaTeX and LuaLa
TeX

(c:/Users/lsbap/AppData/Roaming/TinyTeX/texmf-dist/tex/latex/l3packages/xparse/
xparse.sty
(c:/Users/lsbap/AppData/Roaming/TinyTeX/texmf-dist/tex/latex/l3packages/xparse/
xparse-2020-10-01.sty
(c:/Users/lsbap/AppData/Roaming/TinyTeX/texmf-dist/tex/latex/l3packages/xparse/
xparse-generic.tex)))
(c:/Users/lsbap/AppData/Roaming/TinyTeX/texmf-dist/tex/latex/l3packages/l3keys2
e/l3keys2e.sty
Package: l3keys2e 2021-03-12 LaTeX2e option processing using LaTeX3 keys
)
(c:/Users/lsbap/AppData/Roaming/TinyTeX/texmf-dist/tex/latex/fontspec/fontspec.
sty
Package: fontspec 2020/02/21 v2.7i Font selection for XeLaTeX and LuaLaTeX

(c:/Users/lsbap/AppData/Roaming/TinyTeX/texmf-dist/tex/latex/fontspec/fontspec-
xetex.sty
Package: fontspec-xetex 2020/02/21 v2.7i Font selection for XeLaTeX and LuaLaTe
X
\l__fontspec_script_int=\count269
\l__fontspec_language_int=\count270
\l__fontspec_strnum_int=\count271
\l__fontspec_tmp_int=\count272
\l__fontspec_tmpa_int=\count273
\l__fontspec_tmpb_int=\count274
\l__fontspec_tmpc_int=\count275
\l__fontspec_em_int=\count276
\l__fontspec_emdef_int=\count277
\l__fontspec_strong_int=\count278
\l__fontspec_strongdef_int=\count279
\l__fontspec_tmpa_dim=\dimen148
\l__fontspec_tmpb_dim=\dimen149
\l__fontspec_tmpc_dim=\dimen150
(c:/Users/lsbap/AppData/Roaming/TinyTeX/texmf-dist/tex/latex/base/fontenc.sty
Package: fontenc 2020/08/10 v2.0s Standard LaTeX package
)
(c:/Users/lsbap/AppData/Roaming/TinyTeX/texmf-dist/tex/latex/fontspec/fontspec.
cfg))) (c:/Users/lsbap/AppData/Roaming/TinyTeX/texmf-dist/tex/latex/base/fix-cm
.sty
Package: fix-cm 2015/01/14 v1.1t fixes to LaTeX
(c:/Users/lsbap/AppData/Roaming/TinyTeX/texmf-dist/tex/latex/base/ts1enc.def
File: ts1enc.def 2001/06/05 v3.0e (jk/car/fm) Standard LaTeX file
LaTeX Font Info:    Redeclaring font encoding TS1 on input line 47.
))
\g__um_fam_int=\count280
\g__um_fonts_used_int=\count281
\l__um_primecount_int=\count282
\g__um_primekern_muskip=\muskip17

(c:/Users/lsbap/AppData/Roaming/TinyTeX/texmf-dist/tex/latex/unicode-math/unico
de-math-table.tex)))

Package fontspec Info: Arial scale = 0.8311537999406586.


Package fontspec Info: Arial scale = 0.8311537999406586.


Package fontspec Info: Arial scale = 0.8311537999406586.


Package fontspec Info: Arial/B scale = 0.8311537999406586.


Package fontspec Info: Arial/B scale = 0.8311537999406586.


Package fontspec Info: Arial/I scale = 0.8311537999406586.


Package fontspec Info: Arial/I scale = 0.8311537999406586.


Package fontspec Info: Arial/BI scale = 0.8311537999406586.


Package fontspec Info: Arial/BI scale = 0.8311537999406586.


Package fontspec Info: Font family 'Arial(0)' created for font 'Arial' with
(fontspec)             options [Scale=MatchLowercase,Ligatures=TeX,Scale=1].
(fontspec)              
(fontspec)              This font family consists of the following NFSS
(fontspec)             series/shapes:
(fontspec)              
(fontspec)             - 'normal' (m/n) with NFSS spec.:
(fontspec)             <->s*[1]"Arial/OT:script=latn;language=dflt;mapping=tex-
text;"
(fontspec)             - 'small caps'  (m/sc) with NFSS spec.:
(fontspec)             <->s*[1]"Arial/OT:script=latn;language=dflt;+smcp;mappin
g=tex-text;"
(fontspec)             - 'bold' (b/n) with NFSS spec.:
(fontspec)             <->s*[1]"Arial/B/OT:script=latn;language=dflt;mapping=te
x-text;"
(fontspec)             - 'bold small caps'  (b/sc) with NFSS spec.:
(fontspec)             <->s*[1]"Arial/B/OT:script=latn;language=dflt;+smcp;mapp
ing=tex-text;"
(fontspec)             - 'italic' (m/it) with NFSS spec.:
(fontspec)             <->s*[1]"Arial/I/OT:script=latn;language=dflt;mapping=te
x-text;"
(fontspec)             - 'italic small caps'  (m/scit) with NFSS spec.:
(fontspec)             <->s*[1]"Arial/I/OT:script=latn;language=dflt;+smcp;mapp
ing=tex-text;"
(fontspec)             - 'bold italic' (b/it) with NFSS spec.:
(fontspec)             <->s*[1]"Arial/BI/OT:script=latn;language=dflt;mapping=t
ex-text;"
(fontspec)             - 'bold italic small caps'  (b/scit) with NFSS spec.:
(fontspec)             <->s*[1]"Arial/BI/OT:script=latn;language=dflt;+smcp;map
ping=tex-text;"

LaTeX Font Info:    Font shape `TU/Arial(0)/m/n' will be
(Font)              scaled to size 12.0pt on input line 23.

Package fontspec Info: Arial scale = 0.9999975478716753.


Package fontspec Info: Arial scale = 0.9999975478716753.


Package fontspec Info: Arial scale = 0.9999975478716753.


Package fontspec Info: Arial/B scale = 0.9999975478716753.


Package fontspec Info: Arial/B scale = 0.9999975478716753.


Package fontspec Info: Arial/I scale = 0.9999975478716753.


Package fontspec Info: Arial/I scale = 0.9999975478716753.


Package fontspec Info: Arial/BI scale = 0.9999975478716753.


Package fontspec Info: Arial/BI scale = 0.9999975478716753.


Package fontspec Info: Font family 'Arial(1)' created for font 'Arial' with
(fontspec)             options [Scale=MatchLowercase].
(fontspec)              
(fontspec)              This font family consists of the following NFSS
(fontspec)             series/shapes:
(fontspec)              
(fontspec)             - 'normal' (m/n) with NFSS spec.:
(fontspec)             <->s*[0.9999975478716753]"Arial/OT:script=latn;language=
dflt;"
(fontspec)             - 'small caps'  (m/sc) with NFSS spec.:
(fontspec)             <->s*[0.9999975478716753]"Arial/OT:script=latn;language=
dflt;+smcp;"
(fontspec)             - 'bold' (b/n) with NFSS spec.:
(fontspec)             <->s*[0.9999975478716753]"Arial/B/OT:script=latn;languag
e=dflt;"
(fontspec)             - 'bold small caps'  (b/sc) with NFSS spec.:
(fontspec)             <->s*[0.9999975478716753]"Arial/B/OT:script=latn;languag
e=dflt;+smcp;"
(fontspec)             - 'italic' (m/it) with NFSS spec.:
(fontspec)             <->s*[0.9999975478716753]"Arial/I/OT:script=latn;languag
e=dflt;"
(fontspec)             - 'italic small caps'  (m/scit) with NFSS spec.:
(fontspec)             <->s*[0.9999975478716753]"Arial/I/OT:script=latn;languag
e=dflt;+smcp;"
(fontspec)             - 'bold italic' (b/it) with NFSS spec.:
(fontspec)             <->s*[0.9999975478716753]"Arial/BI/OT:script=latn;langua
ge=dflt;"
(fontspec)             - 'bold italic small caps'  (b/scit) with NFSS spec.:
(fontspec)             <->s*[0.9999975478716753]"Arial/BI/OT:script=latn;langua
ge=dflt;+smcp;"

LaTeX Font Info:    Overwriting math alphabet `\mathrm' in version `normal'
(Font)                  OT1/lmr/m/n --> TU/Arial(1)/m/n on input line 23.
LaTeX Font Info:    Overwriting math alphabet `\mathit' in version `normal'
(Font)                  OT1/lmr/m/it --> TU/Arial(1)/m/it on input line 23.
LaTeX Font Info:    Overwriting math alphabet `\mathbf' in version `normal'
(Font)                  OT1/lmr/bx/n --> TU/Arial(1)/b/n on input line 23.
(c:/Users/lsbap/AppData/Roaming/TinyTeX/texmf-dist/tex/latex/xcolor/xcolor.sty
Package: xcolor 2016/05/11 v2.12 LaTeX color extensions (UK)

(c:/Users/lsbap/AppData/Roaming/TinyTeX/texmf-dist/tex/latex/graphics-cfg/color
.cfg
File: color.cfg 2016/01/02 v1.6 sample color configuration
)
Package xcolor Info: Driver file: xetex.def on input line 225.

(c:/Users/lsbap/AppData/Roaming/TinyTeX/texmf-dist/tex/latex/graphics-def/xetex
.def
File: xetex.def 2020/08/26 v5.0i Graphics/color driver for xetex
)
Package xcolor Info: Model `cmy' substituted by `cmy0' on input line 1348.
Package xcolor Info: Model `RGB' extended on input line 1364.
Package xcolor Info: Model `HTML' substituted by `rgb' on input line 1366.
Package xcolor Info: Model `Hsb' substituted by `hsb' on input line 1367.
Package xcolor Info: Model `tHsb' substituted by `hsb' on input line 1368.
Package xcolor Info: Model `HSB' substituted by `hsb' on input line 1369.
Package xcolor Info: Model `Gray' substituted by `gray' on input line 1370.
Package xcolor Info: Model `wave' substituted by `hsb' on input line 1371.
)
(c:/Users/lsbap/AppData/Roaming/TinyTeX/texmf-dist/tex/latex/hyperref/hyperref.
sty
Package: hyperref 2021-02-27 v7.00k Hypertext links for LaTeX

(c:/Users/lsbap/AppData/Roaming/TinyTeX/texmf-dist/tex/generic/ltxcmds/ltxcmds.
sty
Package: ltxcmds 2020-05-10 v1.25 LaTeX kernel commands for general use (HO)
)
(c:/Users/lsbap/AppData/Roaming/TinyTeX/texmf-dist/tex/latex/pdftexcmds/pdftexc
mds.sty
Package: pdftexcmds 2020-06-04 v0.32 Utility functions of pdfTeX for LuaTeX (HO
)

(c:/Users/lsbap/AppData/Roaming/TinyTeX/texmf-dist/tex/generic/infwarerr/infwar
err.sty
Package: infwarerr 2019/12/03 v1.5 Providing info/warning/error messages (HO)
)
Package pdftexcmds Info: \pdf@primitive is available.
Package pdftexcmds Info: \pdf@ifprimitive is available.
Package pdftexcmds Info: \pdfdraftmode not found.
)
(c:/Users/lsbap/AppData/Roaming/TinyTeX/texmf-dist/tex/latex/graphics/keyval.st
y
Package: keyval 2014/10/28 v1.15 key=value parser (DPC)
\KV@toks@=\toks20
)
(c:/Users/lsbap/AppData/Roaming/TinyTeX/texmf-dist/tex/generic/kvsetkeys/kvsetk
eys.sty
Package: kvsetkeys 2019/12/15 v1.18 Key value parser (HO)
)
(c:/Users/lsbap/AppData/Roaming/TinyTeX/texmf-dist/tex/generic/kvdefinekeys/kvd
efinekeys.sty
Package: kvdefinekeys 2019-12-19 v1.6 Define keys (HO)
)
(c:/Users/lsbap/AppData/Roaming/TinyTeX/texmf-dist/tex/generic/pdfescape/pdfesc
ape.sty
Package: pdfescape 2019/12/09 v1.15 Implements pdfTeX's escape features (HO)
)
(c:/Users/lsbap/AppData/Roaming/TinyTeX/texmf-dist/tex/latex/hycolor/hycolor.st
y
Package: hycolor 2020-01-27 v1.10 Color options for hyperref/bookmark (HO)
)
(c:/Users/lsbap/AppData/Roaming/TinyTeX/texmf-dist/tex/latex/letltxmacro/letltx
macro.sty
Package: letltxmacro 2019/12/03 v1.6 Let assignment for LaTeX macros (HO)
)
(c:/Users/lsbap/AppData/Roaming/TinyTeX/texmf-dist/tex/latex/auxhook/auxhook.st
y
Package: auxhook 2019-12-17 v1.6 Hooks for auxiliary files (HO)
)
(c:/Users/lsbap/AppData/Roaming/TinyTeX/texmf-dist/tex/latex/kvoptions/kvoption
s.sty
Package: kvoptions 2020-10-07 v3.14 Key value format for package options (HO)
)
\@linkdim=\dimen151
\Hy@linkcounter=\count283
\Hy@pagecounter=\count284

(c:/Users/lsbap/AppData/Roaming/TinyTeX/texmf-dist/tex/latex/hyperref/pd1enc.de
f
File: pd1enc.def 2021-02-27 v7.00k Hyperref: PDFDocEncoding definition (HO)
)
(c:/Users/lsbap/AppData/Roaming/TinyTeX/texmf-dist/tex/latex/hyperref/hyperref-
langpatches.def
File: hyperref-langpatches.def 2021-02-27 v7.00k Hyperref: patches for babel la
nguages
)
(c:/Users/lsbap/AppData/Roaming/TinyTeX/texmf-dist/tex/generic/intcalc/intcalc.
sty
Package: intcalc 2019/12/15 v1.3 Expandable calculations with integers (HO)
)
(c:/Users/lsbap/AppData/Roaming/TinyTeX/texmf-dist/tex/generic/etexcmds/etexcmd
s.sty
Package: etexcmds 2019/12/15 v1.7 Avoid name clashes with e-TeX commands (HO)
)
\Hy@SavedSpaceFactor=\count285

(c:/Users/lsbap/AppData/Roaming/TinyTeX/texmf-dist/tex/latex/hyperref/puenc.def
File: puenc.def 2021-02-27 v7.00k Hyperref: PDF Unicode definition (HO)
)
Package hyperref Info: Option `unicode' set `true' on input line 4073.
Package hyperref Info: Hyper figures OFF on input line 4192.
Package hyperref Info: Link nesting OFF on input line 4197.
Package hyperref Info: Hyper index ON on input line 4200.
Package hyperref Info: Plain pages OFF on input line 4207.
Package hyperref Info: Backreferencing OFF on input line 4212.
Package hyperref Info: Implicit mode ON; LaTeX internals redefined.
Package hyperref Info: Bookmarks ON on input line 4445.
\c@Hy@tempcnt=\count286
(c:/Users/lsbap/AppData/Roaming/TinyTeX/texmf-dist/tex/latex/url/url.sty
\Urlmuskip=\muskip18
Package: url 2013/09/16  ver 3.4  Verb mode for urls, etc.
)
LaTeX Info: Redefining \url on input line 4804.
\XeTeXLinkMargin=\dimen152

(c:/Users/lsbap/AppData/Roaming/TinyTeX/texmf-dist/tex/generic/bitset/bitset.st
y
Package: bitset 2019/12/09 v1.3 Handle bit-vector datatype (HO)

(c:/Users/lsbap/AppData/Roaming/TinyTeX/texmf-dist/tex/generic/bigintcalc/bigin
tcalc.sty
Package: bigintcalc 2019/12/15 v1.5 Expandable calculations on big integers (HO
)
))
\Fld@menulength=\count287
\Field@Width=\dimen153
\Fld@charsize=\dimen154
Package hyperref Info: Hyper figures OFF on input line 6075.
Package hyperref Info: Link nesting OFF on input line 6080.
Package hyperref Info: Hyper index ON on input line 6083.
Package hyperref Info: backreferencing OFF on input line 6090.
Package hyperref Info: Link coloring OFF on input line 6095.
Package hyperref Info: Link coloring with OCG OFF on input line 6100.
Package hyperref Info: PDF/A mode OFF on input line 6105.
LaTeX Info: Redefining \ref on input line 6145.
LaTeX Info: Redefining \pageref on input line 6149.

(c:/Users/lsbap/AppData/Roaming/TinyTeX/texmf-dist/tex/latex/base/atbegshi-ltx.
sty
Package: atbegshi-ltx 2020/08/17 v1.0a Emulation of the original atbegshi packa
ge
with kernel methods
)
\Hy@abspage=\count288
\c@Item=\count289
\c@Hfootnote=\count290
)
Package hyperref Info: Driver (autodetected): hxetex.

(c:/Users/lsbap/AppData/Roaming/TinyTeX/texmf-dist/tex/latex/hyperref/hxetex.de
f
File: hxetex.def 2021-02-27 v7.00k Hyperref driver for XeTeX

(c:/Users/lsbap/AppData/Roaming/TinyTeX/texmf-dist/tex/generic/stringenc/string
enc.sty
Package: stringenc 2019/11/29 v1.12 Convert strings between diff. encodings (HO
)
)
\pdfm@box=\box50
\c@Hy@AnnotLevel=\count291
\HyField@AnnotCount=\count292
\Fld@listcount=\count293
\c@bookmark@seq@number=\count294

(c:/Users/lsbap/AppData/Roaming/TinyTeX/texmf-dist/tex/latex/rerunfilecheck/rer
unfilecheck.sty
Package: rerunfilecheck 2019/12/05 v1.9 Rerun checks for auxiliary files (HO)

(c:/Users/lsbap/AppData/Roaming/TinyTeX/texmf-dist/tex/latex/base/atveryend-ltx
.sty
Package: atveryend-ltx 2020/08/19 v1.0a Emulation of the original atvery packag
e
with kernel methods
)
(c:/Users/lsbap/AppData/Roaming/TinyTeX/texmf-dist/tex/generic/uniquecounter/un
iquecounter.sty
Package: uniquecounter 2019/12/15 v1.4 Provide unlimited unique counter (HO)
)
Package uniquecounter Info: New unique counter `rerunfilecheck' on input line 2
86.
)
\Hy@SectionHShift=\skip52
)
(c:/Users/lsbap/AppData/Roaming/TinyTeX/texmf-dist/tex/latex/geometry/geometry.
sty
Package: geometry 2020/01/02 v5.9 Page Geometry

(c:/Users/lsbap/AppData/Roaming/TinyTeX/texmf-dist/tex/generic/iftex/ifvtex.sty
Package: ifvtex 2019/10/25 v1.7 ifvtex legacy package. Use iftex instead.
)
\Gm@cnth=\count295
\Gm@cntv=\count296
\c@Gm@tempcnt=\count297
\Gm@bindingoffset=\dimen155
\Gm@wd@mp=\dimen156
\Gm@odd@mp=\dimen157
\Gm@even@mp=\dimen158
\Gm@layoutwidth=\dimen159
\Gm@layoutheight=\dimen160
\Gm@layouthoffset=\dimen161
\Gm@layoutvoffset=\dimen162
\Gm@dimlist=\toks21
)
(c:/Users/lsbap/AppData/Roaming/TinyTeX/texmf-dist/tex/latex/fancyvrb/fancyvrb.
sty
Package: fancyvrb 2021/01/20 v3.7 verbatim text (tvz,hv)
\FV@CodeLineNo=\count298
\FV@InFile=\read2
\FV@TabBox=\box51
\c@FancyVerbLine=\count299
\FV@StepNumber=\count300
\FV@OutFile=\write3
) (c:/Users/lsbap/AppData/Roaming/TinyTeX/texmf-dist/tex/latex/framed/framed.st
y
Package: framed 2011/10/22 v 0.96: framed or shaded text with page breaks
\OuterFrameSep=\skip53
\fb@frw=\dimen163
\fb@frh=\dimen164
\FrameRule=\dimen165
\FrameSep=\dimen166
)
(c:/Users/lsbap/AppData/Roaming/TinyTeX/texmf-dist/tex/latex/tools/longtable.st
y
Package: longtable 2020/01/07 v4.13 Multi-page Table package (DPC)
\LTleft=\skip54
\LTright=\skip55
\LTpre=\skip56
\LTpost=\skip57
\LTchunksize=\count301
\LTcapwidth=\dimen167
\LT@head=\box52
\LT@firsthead=\box53
\LT@foot=\box54
\LT@lastfoot=\box55
\LT@cols=\count302
\LT@rows=\count303
\c@LT@tables=\count304
\c@LT@chunks=\count305
\LT@p@ftn=\toks22
)
(c:/Users/lsbap/AppData/Roaming/TinyTeX/texmf-dist/tex/latex/booktabs/booktabs.
sty
Package: booktabs 2020/01/12 v1.61803398 Publication quality tables
\heavyrulewidth=\dimen168
\lightrulewidth=\dimen169
\cmidrulewidth=\dimen170
\belowrulesep=\dimen171
\belowbottomsep=\dimen172
\aboverulesep=\dimen173
\abovetopsep=\dimen174
\cmidrulesep=\dimen175
\cmidrulekern=\dimen176
\defaultaddspace=\dimen177
\@cmidla=\count306
\@cmidlb=\count307
\@aboverulesep=\dimen178
\@belowrulesep=\dimen179
\@thisruleclass=\count308
\@lastruleclass=\count309
\@thisrulewidth=\dimen180
) (c:/Users/lsbap/AppData/Roaming/TinyTeX/texmf-dist/tex/latex/tools/calc.sty
Package: calc 2017/05/25 v4.3 Infix arithmetic (KKT,FJ)
\calc@Acount=\count310
\calc@Bcount=\count311
\calc@Adimen=\dimen181
\calc@Bdimen=\dimen182
\calc@Askip=\skip58
\calc@Bskip=\skip59
LaTeX Info: Redefining \setlength on input line 80.
LaTeX Info: Redefining \addtolength on input line 81.
\calc@Ccount=\count312
\calc@Cskip=\skip60
)
(c:/Users/lsbap/AppData/Roaming/TinyTeX/texmf-dist/tex/latex/etoolbox/etoolbox.
sty
Package: etoolbox 2020/10/05 v2.5k e-TeX tools for LaTeX (JAW)
\etb@tempcnta=\count313
)
(c:/Users/lsbap/AppData/Roaming/TinyTeX/texmf-dist/tex/latex/mdwtools/footnote.
sty
Package: footnote 1997/01/28 1.13 Save footnotes around boxes
\fn@notes=\box56
\fn@width=\dimen183
)
(c:/Users/lsbap/AppData/Roaming/TinyTeX/texmf-dist/tex/latex/graphics/graphicx.
sty
Package: graphicx 2020/09/09 v1.2b Enhanced LaTeX Graphics (DPC,SPQR)

(c:/Users/lsbap/AppData/Roaming/TinyTeX/texmf-dist/tex/latex/graphics/graphics.
sty
Package: graphics 2020/08/30 v1.4c Standard LaTeX Graphics (DPC,SPQR)
(c:/Users/lsbap/AppData/Roaming/TinyTeX/texmf-dist/tex/latex/graphics/trig.sty
Package: trig 2016/01/03 v1.10 sin cos tan (DPC)
)
(c:/Users/lsbap/AppData/Roaming/TinyTeX/texmf-dist/tex/latex/graphics-cfg/graph
ics.cfg
File: graphics.cfg 2016/06/04 v1.11 sample graphics configuration
)
Package graphics Info: Driver file: xetex.def on input line 105.
)
\Gin@req@height=\dimen184
\Gin@req@width=\dimen185
)
(c:/Users/lsbap/AppData/Roaming/TinyTeX/texmf-dist/tex/latex/amsfonts/amsfonts.
sty
Package: amsfonts 2013/01/14 v3.01 Basic AMSFonts support
\symAMSa=\mathgroup4
\symAMSb=\mathgroup5
LaTeX Font Info:    Redeclaring math symbol \hbar on input line 98.
) (c:/Users/lsbap/AppData/Roaming/TinyTeX/texmf-dist/tex/latex/amscls/amsthm.st
y
Package: amsthm 2020/05/21 v2.20.5
\thm@style=\toks23
\thm@bodyfont=\toks24
\thm@headfont=\toks25
\thm@notefont=\toks26
\thm@headpunct=\toks27
\thm@preskip=\skip61
\thm@postskip=\skip62
\thm@headsep=\skip63
\dth@everypar=\toks28
) (c:/Users/lsbap/AppData/Roaming/TinyTeX/texmf-dist/tex/latex/tools/bm.sty
Package: bm 2019/07/24 v1.2d Bold Symbol Support (DPC/FMi)
\symboldoperators=\mathgroup6
\symboldletters=\mathgroup7
\symboldsymbols=\mathgroup8
LaTeX Font Info:    Redeclaring math alphabet \mathbf on input line 141.
LaTeX Info: Redefining \bm on input line 209.
)
(c:/Users/lsbap/AppData/Roaming/TinyTeX/texmf-dist/tex/latex/mathtools/mathtool
s.sty
Package: mathtools 2021/03/18 v1.25 mathematical typesetting tools

(c:/Users/lsbap/AppData/Roaming/TinyTeX/texmf-dist/tex/latex/mathtools/mhsetup.
sty
Package: mhsetup 2021/03/18 v1.4 programming setup (MH)
)
LaTeX Info: Thecontrolsequence`\('isalreadyrobust on input line 130.
LaTeX Info: Thecontrolsequence`\)'isalreadyrobust on input line 130.
LaTeX Info: Thecontrolsequence`\['isalreadyrobust on input line 130.
LaTeX Info: Thecontrolsequence`\]'isalreadyrobust on input line 130.
\g_MT_multlinerow_int=\count314
\l_MT_multwidth_dim=\dimen186
\origjot=\skip64
\l_MT_shortvdotswithinadjustabove_dim=\dimen187
\l_MT_shortvdotswithinadjustbelow_dim=\dimen188
\l_MT_above_intertext_sep=\dimen189
\l_MT_below_intertext_sep=\dimen190
\l_MT_above_shortintertext_sep=\dimen191
\l_MT_below_shortintertext_sep=\dimen192
\xmathstrut@box=\box57
\xmathstrut@dim=\dimen193
) (c:/Users/lsbap/AppData/Roaming/TinyTeX/texmf-dist/tex/latex/cases/cases.sty
Package: cases 2020/03/29 ver 3.2
\numc@numwid=\dimen194
) (c:/Users/lsbap/AppData/Roaming/TinyTeX/texmf-dist/tex/latex/base/inputenc.st
y
Package: inputenc 2020/08/01 v1.3d Input encoding file
\inpenc@prehook=\toks29
\inpenc@posthook=\toks30

Package inputenc Warning: inputenc package ignored with utf8 based engines.

) (c:/Users/lsbap/AppData/Roaming/TinyTeX/texmf-dist/tex/generic/babel/babel.st
y
Package: babel 2021/03/03 3.55 The Babel package
(c:/Users/lsbap/AppData/Roaming/TinyTeX/texmf-dist/tex/generic/babel/babel.def
File: babel.def 2021/03/03 3.55 Babel common definitions
\babel@savecnt=\count315
\U@D=\dimen195
\l@babelnohyphens=\language4

(c:/Users/lsbap/AppData/Roaming/TinyTeX/texmf-dist/tex/generic/babel/xebabel.de
f
(c:/Users/lsbap/AppData/Roaming/TinyTeX/texmf-dist/tex/generic/babel/txtbabel.d
ef))
\bbl@readstream=\read3
)
\bbl@dirlevel=\count316

(c:/Users/lsbap/AppData/Roaming/TinyTeX/texmf-dist/tex/generic/babel-portuges/p
ortuguese.ldf
Language: portuges 2020/05/04 v1.2r Portuguese support from the babel system
Package babel Info: Making " an active character on input line 143.
))
(c:/Users/lsbap/AppData/Roaming/TinyTeX/texmf-dist/tex/latex/ragged2e/ragged2e.
sty
Package: ragged2e 2021/02/05 v3.0 ragged2e Package

(c:/Users/lsbap/AppData/Roaming/TinyTeX/texmf-dist/tex/latex/everysel/everysel.
sty
Package: everysel 2021/01/20 v2.1 EverySelectfont Package (MS)

(c:/Users/lsbap/AppData/Roaming/TinyTeX/texmf-dist/tex/latex/everysel/everysel-
2011-10-28.sty))
\CenteringLeftskip=\skip65
\RaggedLeftLeftskip=\skip66
\RaggedRightLeftskip=\skip67
\CenteringRightskip=\skip68
\RaggedLeftRightskip=\skip69
\RaggedRightRightskip=\skip70
\CenteringParfillskip=\skip71
\RaggedLeftParfillskip=\skip72
\RaggedRightParfillskip=\skip73
\JustifyingParfillskip=\skip74
\CenteringParindent=\skip75
\RaggedLeftParindent=\skip76
\RaggedRightParindent=\skip77
\JustifyingParindent=\skip78
)
(c:/Users/lsbap/AppData/Roaming/TinyTeX/texmf-dist/tex/latex/titlesec/titlesec.
sty
Package: titlesec 2019/10/16 v2.13 Sectioning titles
\ttl@box=\box58
\beforetitleunit=\skip79
\aftertitleunit=\skip80
\ttl@plus=\dimen196
\ttl@minus=\dimen197
\ttl@toksa=\toks31
\titlewidth=\dimen198
\titlewidthlast=\dimen199
\titlewidthfirst=\dimen256
)
(c:/Users/lsbap/AppData/Roaming/TinyTeX/texmf-dist/tex/latex/changepage/changep
age.sty
Package: changepage 2009/10/20 v1.0c check page and change page layout
\c@cp@cntr=\count317
\cp@tempcnt=\count318
)
(c:/Users/lsbap/AppData/Roaming/TinyTeX/texmf-dist/tex/latex/placeins/placeins.
sty
Package: placeins 2005/04/18  v 2.2
) (c:/Users/lsbap/AppData/Roaming/TinyTeX/texmf-dist/tex/latex/base/makeidx.sty
Package: makeidx 2014/09/29 v1.0m Standard LaTeX package
)
\@indexfile=\write4
\openout4 = `bookdown-demo.idx'.

Writing index file bookdown-demo.idx

(c:/Users/lsbap/AppData/Roaming/TinyTeX/texmf-dist/tex/latex/tocbibind/tocbibin
d.sty
Package: tocbibind 2010/10/13 v1.5k extra ToC listings
Package tocbibind Info: The document has chapter divisions on input line 50.

Package tocbibind Note: Using chapter style headings, unless overridden.

)
(c:/Users/lsbap/AppData/Roaming/TinyTeX/texmf-dist/tex/latex/tools/indentfirst.
sty
Package: indentfirst 1995/11/23 v1.03 Indent first paragraph (DPC)
)
(c:/Users/lsbap/AppData/Roaming/TinyTeX/texmf-dist/tex/latex/floatrow/floatrow.
sty
Package: floatrow 2008/08/02 v0.3b floatrow: float package extension

(c:/Users/lsbap/AppData/Roaming/TinyTeX/texmf-dist/tex/latex/caption/caption3.s
ty
Package: caption3 2020/10/21 v2.2e caption3 kernel (AR)
\captionmargin=\dimen257
\captionmargin@=\dimen258
\captionwidth=\dimen259
\caption@tempdima=\dimen260
\caption@indent=\dimen261
\caption@parindent=\dimen262
\caption@hangindent=\dimen263
Package caption Info: Standard document class detected.
)
\c@float@type=\count319
\float@exts=\toks32
\float@box=\box59
\@floatcapt=\box60
Package floatrow Info: Modified float package code loaded on input line 455.
Package floatrow Info: Modified rotfloat package code loaded on input line 473.

\FR@everyfloat=\toks33
\flrow@foot=\insert252
\FB@wd=\dimen264
\FBo@wd=\dimen265
\FBc@wd=\dimen266
\FBo@ht=\skip81
\FBc@ht=\skip82
\FBf@ht=\skip83
\FBo@max=\skip84
\FBc@max=\skip85
\FBf@max=\skip86
\c@FBl@b=\count320
\floatbox@depth=\count321
\c@FRobj=\count322
\c@FRsobj=\count323
\Xhsize=\skip87
\sXhsize=\skip88
\Zhsize=\skip89
\sZhsize=\skip90
\flrow@rowbox=\box61
\FR@Zunitlength=\dimen267
\c@FBcnt=\count324
\FPOScnt=\count325
\LTleft=\skip91
\LTright=\skip92
\LTleft=\skip93
\LTright=\skip94
\flrow@types=\toks34
) (c:/Users/lsbap/AppData/Roaming/TinyTeX/texmf-dist/tex/latex/subfig/subfig.st
y
Package: subfig 2005/06/28 ver: 1.3 subfig package

(c:/Users/lsbap/AppData/Roaming/TinyTeX/texmf-dist/tex/latex/caption/caption.st
y
Package: caption 2020/10/26 v3.5g Customizing captions (AR)
\c@caption@flags=\count326
\c@continuedfloat=\count327
Package caption Info: changepage package is loaded.
\caption@adjustwidth@hsize=\dimen268
\caption@adjustwidth@linewidth=\dimen269
Package caption Info: float package is loaded.
Package caption Info: floatrow package is loaded.
Package caption Info: hyperref package is loaded.
Package caption Info: longtable package is loaded.

(c:/Users/lsbap/AppData/Roaming/TinyTeX/texmf-dist/tex/latex/caption/ltcaption.
sty
Package: ltcaption 2020/05/30 v1.4b longtable captions (AR)
))
\c@KVtest=\count328
\sf@farskip=\skip95
\sf@captopadj=\dimen270
\sf@capskip=\skip96
\sf@nearskip=\skip97
\c@subfigure=\count329
\c@subfigure@save=\count330
\c@lofdepth=\count331
\c@subtable=\count332
\c@subtable@save=\count333
\c@lotdepth=\count334
\sf@top=\skip98
\sf@bottom=\skip99
) (c:/Users/lsbap/AppData/Roaming/TinyTeX/texmf-dist/tex/latex/tools/array.sty
Package: array 2020/10/01 v2.5c Tabular extension package (FMi)
\col@sep=\dimen271
\ar@mcellbox=\box62
\extrarowheight=\dimen272
\NC@list=\toks35
\extratabsurround=\skip100
\backup@length=\skip101
\ar@cellbox=\box63
)
(c:/Users/lsbap/AppData/Roaming/TinyTeX/texmf-dist/tex/latex/multirow/multirow.
sty
Package: multirow 2021/03/15 v2.8 Span multiple rows of a table
\multirow@colwidth=\skip102
\multirow@cntb=\count335
\multirow@dima=\skip103
\bigstrutjot=\dimen273
)
(c:/Users/lsbap/AppData/Roaming/TinyTeX/texmf-dist/tex/latex/wrapfig/wrapfig.st
y
\wrapoverhang=\dimen274
\WF@size=\dimen275
\c@WF@wrappedlines=\count336
\WF@box=\box64
\WF@everypar=\toks36
Package: wrapfig 2003/01/31  v 3.6
)
(c:/Users/lsbap/AppData/Roaming/TinyTeX/texmf-dist/tex/latex/colortbl/colortbl.
sty
Package: colortbl 2020/01/04 v1.0e Color table columns (DPC)
\everycr=\toks37
\minrowclearance=\skip104
)
(c:/Users/lsbap/AppData/Roaming/TinyTeX/texmf-dist/tex/latex/pdflscape/pdflscap
e.sty
Package: pdflscape 2019/12/05 v0.12 Display of landscape pages in PDF (HO)

(c:/Users/lsbap/AppData/Roaming/TinyTeX/texmf-dist/tex/latex/graphics/lscape.st
y
Package: lscape 2020/05/28 v3.02 Landscape Pages (DPC)
)
Package pdflscape Info: Auto-detected driver: dvipdfm (xetex) on input line 98.

) (c:/Users/lsbap/AppData/Roaming/TinyTeX/texmf-dist/tex/latex/tabu/tabu.sty
Package: tabu 2019/01/11 v2.9 - flexible LaTeX tabulars (FC+tabu-fixed)

(c:/Users/lsbap/AppData/Roaming/TinyTeX/texmf-dist/tex/latex/varwidth/varwidth.
sty
Package: varwidth 2009/03/30 ver 0.92;  Variable-width minipages
\@vwid@box=\box65
\sift@deathcycles=\count337
\@vwid@loff=\dimen276
\@vwid@roff=\dimen277
)
\c@taburow=\count338
\tabu@nbcols=\count339
\tabu@cnt=\count340
\tabu@Xcol=\count341
\tabu@alloc=\count342
\tabu@nested=\count343
\tabu@target=\dimen278
\tabu@spreadtarget=\dimen279
\tabu@naturalX=\dimen280
\tabucolX=\dimen281
\tabu@Xsum=\dimen282
\extrarowdepth=\dimen283
\abovetabulinesep=\dimen284
\belowtabulinesep=\dimen285
\tabustrutrule=\dimen286
\tabu@thebody=\toks38
\tabu@footnotes=\toks39
\tabu@box=\box66
\tabu@arstrutbox=\box67
\tabu@hleads=\box68
\tabu@vleads=\box69
\tabu@cellskip=\skip105
)
(c:/Users/lsbap/AppData/Roaming/TinyTeX/texmf-dist/tex/latex/threeparttable/thr
eeparttable.sty
Package: threeparttable 2003/06/13  v 3.0
\@tempboxb=\box70
)
(c:/Users/lsbap/AppData/Roaming/TinyTeX/texmf-dist/tex/latex/threeparttablex/th
reeparttablex.sty
Package: threeparttablex 2013/07/23 v0.3 by daleif

(c:/Users/lsbap/AppData/Roaming/TinyTeX/texmf-dist/tex/latex/environ/environ.st
y
Package: environ 2014/05/04 v0.3 A new way to define environments

(c:/Users/lsbap/AppData/Roaming/TinyTeX/texmf-dist/tex/latex/trimspaces/trimspa
ces.sty
Package: trimspaces 2009/09/17 v1.1 Trim spaces around a token list
))
\TPTL@width=\skip106
) (c:/Users/lsbap/AppData/Roaming/TinyTeX/texmf-dist/tex/generic/ulem/ulem.sty
\UL@box=\box71
\UL@hyphenbox=\box72
\UL@skip=\skip107
\UL@hook=\toks40
\UL@height=\dimen287
\UL@pe=\count344
\UL@pixel=\dimen288
\ULC@box=\box73
Package: ulem 2019/11/18
\ULdepth=\dimen289
)
(c:/Users/lsbap/AppData/Roaming/TinyTeX/texmf-dist/tex/latex/makecell/makecell.
sty
Package: makecell 2009/08/03 V0.1e Managing of Tab Column Heads and Cells
\rotheadsize=\dimen290
\c@nlinenum=\count345
\TeXr@lab=\toks41
) (c:/Users/lsbap/AppData/Roaming/TinyTeX/texmf-dist/tex/latex/natbib/natbib.st
y
Package: natbib 2010/09/13 8.31b (PWD, AO)
\bibhang=\skip108
\bibsep=\skip109
LaTeX Info: Redefining \cite on input line 694.
\c@NAT@ctr=\count346
)
\c@theorem=\count347
\c@lemma=\count348
\c@corollary=\count349
\c@proposition=\count350
\c@conjecture=\count351
\c@definition=\count352
\c@example=\count353
\c@exercise=\count354
(./bookdown-demo.aux)
\openout1 = `bookdown-demo.aux'.

LaTeX Font Info:    Checking defaults for OML/cmm/m/it on input line 176.
LaTeX Font Info:    ... okay on input line 176.
LaTeX Font Info:    Checking defaults for OMS/cmsy/m/n on input line 176.
LaTeX Font Info:    ... okay on input line 176.
LaTeX Font Info:    Checking defaults for OT1/cmr/m/n on input line 176.
LaTeX Font Info:    ... okay on input line 176.
LaTeX Font Info:    Checking defaults for T1/cmr/m/n on input line 176.
LaTeX Font Info:    ... okay on input line 176.
LaTeX Font Info:    Checking defaults for TS1/cmr/m/n on input line 176.
LaTeX Font Info:    ... okay on input line 176.
LaTeX Font Info:    Checking defaults for TU/lmr/m/n on input line 176.
LaTeX Font Info:    ... okay on input line 176.
LaTeX Font Info:    Checking defaults for OMX/cmex/m/n on input line 176.
LaTeX Font Info:    ... okay on input line 176.
LaTeX Font Info:    Checking defaults for U/cmr/m/n on input line 176.
LaTeX Font Info:    ... okay on input line 176.
LaTeX Font Info:    Checking defaults for PD1/pdf/m/n on input line 176.
LaTeX Font Info:    ... okay on input line 176.
LaTeX Font Info:    Checking defaults for PU/pdf/m/n on input line 176.
LaTeX Font Info:    ... okay on input line 176.
LaTeX Font Info:    Overwriting math alphabet `\mathsf' in version `normal'
(Font)                  OT1/lmss/m/n --> TU/lmss/m/n on input line 176.
LaTeX Font Info:    Overwriting math alphabet `\mathsf' in version `bold'
(Font)                  OT1/lmss/bx/n --> TU/lmss/b/n on input line 176.
LaTeX Font Info:    Overwriting math alphabet `\mathtt' in version `normal'
(Font)                  OT1/lmtt/m/n --> TU/lmtt/m/n on input line 176.
LaTeX Font Info:    Overwriting math alphabet `\mathtt' in version `bold'
(Font)                  OT1/lmtt/m/n --> TU/lmtt/b/n on input line 176.

Package fontspec Info: latinmodern-math scale = 1.203140258383906.


Package fontspec Info: latinmodern-math scale = 1.203140258383906.


Package fontspec Info: latinmodern-math scale = 1.203140258383906.


Package fontspec Info: Font family 'latinmodern-math.otf(0)' created for font
(fontspec)             'latinmodern-math.otf' with options
(fontspec)             [Scale=MatchLowercase,BoldItalicFont={},ItalicFont={},Sm
allCapsFont={},Script=Math,BoldFont={latinmodern-math.otf}].
(fontspec)              
(fontspec)              This font family consists of the following NFSS
(fontspec)             series/shapes:
(fontspec)              
(fontspec)             - 'normal' (m/n) with NFSS spec.:
(fontspec)             <->s*[1.203140258383906]"[latinmodern-math.otf]/OT:scrip
t=math;language=dflt;"
(fontspec)             - 'small caps'  (m/sc) with NFSS spec.: 
(fontspec)             - 'bold' (b/n) with NFSS spec.:
(fontspec)             <->s*[1.203140258383906]"[latinmodern-math.otf]/OT:scrip
t=math;language=dflt;"
(fontspec)             - 'bold small caps'  (b/sc) with NFSS spec.: 

LaTeX Font Info:    Font shape `TU/latinmodern-math.otf(0)/m/n' will be
(Font)              scaled to size 14.43768pt on input line 176.

Package fontspec Info: latinmodern-math scale = 1.203140258383906.


Package fontspec Info: latinmodern-math scale = 1.203140258383906.


Package fontspec Info: latinmodern-math scale = 1.203140258383906.


Package fontspec Info: latinmodern-math scale = 1.203140258383906.


Package fontspec Info: latinmodern-math scale = 1.203140258383906.


Package fontspec Info: Font family 'latinmodern-math.otf(1)' created for font
(fontspec)             'latinmodern-math.otf' with options
(fontspec)             [Scale=MatchLowercase,BoldItalicFont={},ItalicFont={},Sm
allCapsFont={},Script=Math,SizeFeatures={{Size=10.2-},{Size=7.2-10.2,Font=latin
modern-math.otf,Style=MathScript},{Size=-7.2,Font=latinmodern-math.otf,Style=Ma
thScriptScript}},BoldFont={latinmodern-math.otf}].
(fontspec)              
(fontspec)              This font family consists of the following NFSS
(fontspec)             series/shapes:
(fontspec)              
(fontspec)             - 'normal' (m/n) with NFSS spec.:
(fontspec)             <10.2->s*[1.203140258383906]"[latinmodern-math.otf]/OT:s
cript=math;language=dflt;"<7.2-10.2>s*[1.203140258383906]"[latinmodern-math.otf
]/OT:script=math;language=dflt;+ssty=0;"<-7.2>s*[1.203140258383906]"[latinmoder
n-math.otf]/OT:script=math;language=dflt;+ssty=1;"
(fontspec)             - 'small caps'  (m/sc) with NFSS spec.: 
(fontspec)             - 'bold' (b/n) with NFSS spec.:
(fontspec)             <->s*[1.203140258383906]"[latinmodern-math.otf]/OT:scrip
t=math;language=dflt;"
(fontspec)             - 'bold small caps'  (b/sc) with NFSS spec.: 

LaTeX Font Info:    Font shape `TU/latinmodern-math.otf(1)/m/n' will be
(Font)              scaled to size 14.43768pt on input line 176.
LaTeX Font Info:    Encoding `OT1' has changed to `TU' for symbol font
(Font)              `operators' in the math version `normal' on input line 176.

LaTeX Font Info:    Overwriting symbol font `operators' in version `normal'
(Font)                  OT1/lmr/m/n --> TU/latinmodern-math.otf(1)/m/n on input
 line 176.
LaTeX Font Info:    Encoding `OT1' has changed to `TU' for symbol font
(Font)              `operators' in the math version `bold' on input line 176.
LaTeX Font Info:    Overwriting symbol font `operators' in version `bold'
(Font)                  OT1/lmr/bx/n --> TU/latinmodern-math.otf(1)/b/n on inpu
t line 176.

Package fontspec Info: latinmodern-math scale = 1.203140258383906.


Package fontspec Info: latinmodern-math scale = 1.203260572409744.


Package fontspec Info: latinmodern-math scale = 1.203140258383906.


Package fontspec Info: latinmodern-math scale = 1.203260572409744.


Package fontspec Info: latinmodern-math scale = 1.203140258383906.


Package fontspec Info: latinmodern-math scale = 1.203260572409744.


Package fontspec Info: latinmodern-math scale = 1.203140258383906.


Package fontspec Info: latinmodern-math scale = 1.203260572409744.


Package fontspec Info: latinmodern-math scale = 1.203140258383906.


Package fontspec Info: latinmodern-math scale = 1.203260572409744.


Package fontspec Info: Font family 'latinmodern-math.otf(2)' created for font
(fontspec)             'latinmodern-math.otf' with options
(fontspec)             [Scale=MatchLowercase,BoldItalicFont={},ItalicFont={},Sm
allCapsFont={},Script=Math,SizeFeatures={{Size=10.2-},{Size=7.2-10.2,Font=latin
modern-math.otf,Style=MathScript},{Size=-7.2,Font=latinmodern-math.otf,Style=Ma
thScriptScript}},BoldFont={latinmodern-math.otf},ScaleAgain=1.0001,FontAdjustme
nt={\fontdimen
(fontspec)             8\font =9.7743pt\relax \fontdimen 9\font
(fontspec)             =5.68845pt\relax \fontdimen 10\font =6.41032pt\relax
(fontspec)             \fontdimen 11\font =9.90425pt\relax \fontdimen 12\font
(fontspec)             =4.981pt\relax \fontdimen 13\font =5.24088pt\relax
(fontspec)             \fontdimen 14\font =5.24088pt\relax \fontdimen 15\font
(fontspec)             =4.17249pt\relax \fontdimen 16\font =3.5661pt\relax
(fontspec)             \fontdimen 17\font =3.5661pt\relax \fontdimen 18\font
(fontspec)             =3.60942pt\relax \fontdimen 19\font =2.88754pt\relax
(fontspec)             \fontdimen 22\font =3.60942pt\relax \fontdimen 20\font
(fontspec)             =0pt\relax \fontdimen 21\font =0pt\relax }].
(fontspec)              
(fontspec)              This font family consists of the following NFSS
(fontspec)             series/shapes:
(fontspec)              
(fontspec)             - 'normal' (m/n) with NFSS spec.:
(fontspec)             <10.2->s*[1.203260572409744]"[latinmodern-math.otf]/OT:s
cript=math;language=dflt;"<7.2-10.2>s*[1.203260572409744]"[latinmodern-math.otf
]/OT:script=math;language=dflt;+ssty=0;"<-7.2>s*[1.203260572409744]"[latinmoder
n-math.otf]/OT:script=math;language=dflt;+ssty=1;"
(fontspec)             - 'small caps'  (m/sc) with NFSS spec.: 
(fontspec)             and font adjustment code:
(fontspec)             \fontdimen 8\font =9.7743pt\relax \fontdimen 9\font
(fontspec)             =5.68845pt\relax \fontdimen 10\font =6.41032pt\relax
(fontspec)             \fontdimen 11\font =9.90425pt\relax \fontdimen 12\font
(fontspec)             =4.981pt\relax \fontdimen 13\font =5.24088pt\relax
(fontspec)             \fontdimen 14\font =5.24088pt\relax \fontdimen 15\font
(fontspec)             =4.17249pt\relax \fontdimen 16\font =3.5661pt\relax
(fontspec)             \fontdimen 17\font =3.5661pt\relax \fontdimen 18\font
(fontspec)             =3.60942pt\relax \fontdimen 19\font =2.88754pt\relax
(fontspec)             \fontdimen 22\font =3.60942pt\relax \fontdimen 20\font
(fontspec)             =0pt\relax \fontdimen 21\font =0pt\relax 
(fontspec)             - 'bold' (b/n) with NFSS spec.:
(fontspec)             <->s*[1.203260572409744]"[latinmodern-math.otf]/OT:scrip
t=math;language=dflt;"
(fontspec)             - 'bold small caps'  (b/sc) with NFSS spec.: 
(fontspec)             and font adjustment code:
(fontspec)             \fontdimen 8\font =9.7743pt\relax \fontdimen 9\font
(fontspec)             =5.68845pt\relax \fontdimen 10\font =6.41032pt\relax
(fontspec)             \fontdimen 11\font =9.90425pt\relax \fontdimen 12\font
(fontspec)             =4.981pt\relax \fontdimen 13\font =5.24088pt\relax
(fontspec)             \fontdimen 14\font =5.24088pt\relax \fontdimen 15\font
(fontspec)             =4.17249pt\relax \fontdimen 16\font =3.5661pt\relax
(fontspec)             \fontdimen 17\font =3.5661pt\relax \fontdimen 18\font
(fontspec)             =3.60942pt\relax \fontdimen 19\font =2.88754pt\relax
(fontspec)             \fontdimen 22\font =3.60942pt\relax \fontdimen 20\font
(fontspec)             =0pt\relax \fontdimen 21\font =0pt\relax 

LaTeX Font Info:    Encoding `OMS' has changed to `TU' for symbol font
(Font)              `symbols' in the math version `normal' on input line 176.
LaTeX Font Info:    Overwriting symbol font `symbols' in version `normal'
(Font)                  OMS/lmsy/m/n --> TU/latinmodern-math.otf(2)/m/n on inpu
t line 176.
LaTeX Font Info:    Encoding `OMS' has changed to `TU' for symbol font
(Font)              `symbols' in the math version `bold' on input line 176.
LaTeX Font Info:    Overwriting symbol font `symbols' in version `bold'
(Font)                  OMS/lmsy/b/n --> TU/latinmodern-math.otf(2)/b/n on inpu
t line 176.

Package fontspec Info: latinmodern-math scale = 1.203140258383906.


Package fontspec Info: latinmodern-math scale = 1.203019944358068.


Package fontspec Info: latinmodern-math scale = 1.203140258383906.


Package fontspec Info: latinmodern-math scale = 1.203019944358068.


Package fontspec Info: latinmodern-math scale = 1.203140258383906.


Package fontspec Info: latinmodern-math scale = 1.203019944358068.


Package fontspec Info: latinmodern-math scale = 1.203140258383906.


Package fontspec Info: latinmodern-math scale = 1.203019944358068.


Package fontspec Info: latinmodern-math scale = 1.203140258383906.


Package fontspec Info: latinmodern-math scale = 1.203019944358068.


Package fontspec Info: Font family 'latinmodern-math.otf(3)' created for font
(fontspec)             'latinmodern-math.otf' with options
(fontspec)             [Scale=MatchLowercase,BoldItalicFont={},ItalicFont={},Sm
allCapsFont={},Script=Math,SizeFeatures={{Size=10.2-},{Size=7.2-10.2,Font=latin
modern-math.otf,Style=MathScript},{Size=-7.2,Font=latinmodern-math.otf,Style=Ma
thScriptScript}},BoldFont={latinmodern-math.otf},ScaleAgain=0.9999,FontAdjustme
nt={\fontdimen
(fontspec)             8\font =0.57751pt\relax \fontdimen 9\font
(fontspec)             =2.88754pt\relax \fontdimen 10\font =2.41109pt\relax
(fontspec)             \fontdimen 11\font =1.60258pt\relax \fontdimen 12\font
(fontspec)             =8.66261pt\relax \fontdimen 13\font =0pt\relax }].
(fontspec)              
(fontspec)              This font family consists of the following NFSS
(fontspec)             series/shapes:
(fontspec)              
(fontspec)             - 'normal' (m/n) with NFSS spec.:
(fontspec)             <10.2->s*[1.203019944358068]"[latinmodern-math.otf]/OT:s
cript=math;language=dflt;"<7.2-10.2>s*[1.203019944358068]"[latinmodern-math.otf
]/OT:script=math;language=dflt;+ssty=0;"<-7.2>s*[1.203019944358068]"[latinmoder
n-math.otf]/OT:script=math;language=dflt;+ssty=1;"
(fontspec)             - 'small caps'  (m/sc) with NFSS spec.: 
(fontspec)             and font adjustment code:
(fontspec)             \fontdimen 8\font =0.57751pt\relax \fontdimen 9\font
(fontspec)             =2.88754pt\relax \fontdimen 10\font =2.41109pt\relax
(fontspec)             \fontdimen 11\font =1.60258pt\relax \fontdimen 12\font
(fontspec)             =8.66261pt\relax \fontdimen 13\font =0pt\relax 
(fontspec)             - 'bold' (b/n) with NFSS spec.:
(fontspec)             <->s*[1.203019944358068]"[latinmodern-math.otf]/OT:scrip
t=math;language=dflt;"
(fontspec)             - 'bold small caps'  (b/sc) with NFSS spec.: 
(fontspec)             and font adjustment code:
(fontspec)             \fontdimen 8\font =0.57751pt\relax \fontdimen 9\font
(fontspec)             =2.88754pt\relax \fontdimen 10\font =2.41109pt\relax
(fontspec)             \fontdimen 11\font =1.60258pt\relax \fontdimen 12\font
(fontspec)             =8.66261pt\relax \fontdimen 13\font =0pt\relax 

LaTeX Font Info:    Encoding `OMX' has changed to `TU' for symbol font
(Font)              `largesymbols' in the math version `normal' on input line 1
76.
LaTeX Font Info:    Overwriting symbol font `largesymbols' in version `normal'
(Font)                  OMX/lmex/m/n --> TU/latinmodern-math.otf(3)/m/n on inpu
t line 176.
LaTeX Font Info:    Encoding `OMX' has changed to `TU' for symbol font
(Font)              `largesymbols' in the math version `bold' on input line 176
.
LaTeX Font Info:    Overwriting symbol font `largesymbols' in version `bold'
(Font)                  OMX/lmex/m/n --> TU/latinmodern-math.otf(3)/b/n on inpu
t line 176.

Package unicode-math Warning: Using \overbracket and \underbracket from
(unicode-math)                `mathtools' package.
(unicode-math)                 
(unicode-math)                 Use \Uoverbracket and \Uunderbracket for
(unicode-math)                original `unicode-math' definition.


Package unicode-math Warning: I'm going to overwrite the following commands
(unicode-math)                from the `mathtools' package: 
(unicode-math)                 
(unicode-math)                     \dblcolon, \coloneqq, \Coloneqq, \eqqcolon.
(unicode-math)                
(unicode-math)                 
(unicode-math)                 Note that since I won't overwrite the other
(unicode-math)                colon-like commands, using them will lead to
(unicode-math)                inconsistencies.

Package hyperref Info: Link coloring OFF on input line 176.

(c:/Users/lsbap/AppData/Roaming/TinyTeX/texmf-dist/tex/latex/hyperref/nameref.s
ty
Package: nameref 2021-04-02 v2.47 Cross-referencing by name of section

(c:/Users/lsbap/AppData/Roaming/TinyTeX/texmf-dist/tex/latex/refcount/refcount.
sty
Package: refcount 2019/12/15 v3.6 Data extraction from label references (HO)
)
(c:/Users/lsbap/AppData/Roaming/TinyTeX/texmf-dist/tex/generic/gettitlestring/g
ettitlestring.sty
Package: gettitlestring 2019/12/15 v1.6 Cleanup title references (HO)
)
\c@section@level=\count355
)
LaTeX Info: Redefining \ref on input line 176.
LaTeX Info: Redefining \pageref on input line 176.
LaTeX Info: Redefining \nameref on input line 176.
(./bookdown-demo.out) (./bookdown-demo.out)
\@outlinefile=\write5
\openout5 = `bookdown-demo.out'.

*geometry* driver: auto-detecting
*geometry* detected driver: xetex
*geometry* verbose mode - [ preamble ] result:
* driver: xetex
* paper: a4paper
* layout: <same size as paper>
* layoutoffset:(h,v)=(0.0pt,0.0pt)
* modes: twoside asymmetric 
* h-part:(L,W,R)=(99.58464pt, 441.01773pt, 56.9055pt)
* v-part:(T,H,B)=(85.35826pt, 674.33032pt, 85.35826pt)
* \paperwidth=597.50787pt
* \paperheight=845.04684pt
* \textwidth=441.01773pt
* \textheight=674.33032pt
* \oddsidemargin=27.31465pt
* \evensidemargin=27.31465pt
* \topmargin=-18.78552pt
* \headheight=12.0pt
* \headsep=19.8738pt
* \topskip=12.0pt
* \footskip=30.0pt
* \marginparwidth=88.0pt
* \marginparsep=7.0pt
* \columnsep=10.0pt
* \skip\footins=10.8pt plus 4.0pt minus 2.0pt
* \hoffset=0.0pt
* \voffset=0.0pt
* \mag=1000
* \@twocolumnfalse
* \@twosidetrue
* \@mparswitchfalse
* \@reversemarginfalse
* (1in=72.27pt=25.4mm, 1cm=28.453pt)

ABD: EverySelectfont initializing macros
LaTeX Info: Redefining \selectfont on input line 176.
Package caption Info: Begin \AtBeginDocument code.
Package caption Info: subfig package v1.3 is loaded.
Package caption Info: Fixing longtable code of `floatrow' package.
Package caption Info: threeparttable package is loaded.
Package caption Info: wrapfig package is loaded.
Package caption Info: End \AtBeginDocument code.

(c:/Users/lsbap/AppData/Roaming/TinyTeX/texmf-dist/tex/latex/floatrow/fr-subfig
.sty
Package: fr-subfig 2007/12/24 v0.1g (beta) floatrow: additions for subfig
\FBsc@max=\skip110
\FBso@max=\skip111
)
(c:/Users/lsbap/AppData/Roaming/TinyTeX/texmf-dist/tex/latex/floatrow/fr-longta
ble.sty
Package: fr-longtable 2007/11/28 v0.1b (beta) floatrow: additions for longtable

\flrow@LT@lasthead=\box74
\flrow@LT@prelastfoot=\box75
\c@FBLTpage=\count356
)
File: image/biglogo.png Graphic file (type bmp)
<image/biglogo.png>
LaTeX Font Info:    Font shape `TU/Arial(0)/m/n' will be
(Font)              scaled to size 17.28pt on input line 187.
LaTeX Font Info:    Font shape `TU/latinmodern-math.otf(1)/m/n' will be
(Font)              scaled to size 10.10637pt on input line 199.
LaTeX Font Info:    Font shape `TU/latinmodern-math.otf(1)/m/n' will be
(Font)              scaled to size 7.21884pt on input line 199.
LaTeX Font Info:    Trying to load font information for OML+lmm on input line 1
99.
(c:/Users/lsbap/AppData/Roaming/TinyTeX/texmf-dist/tex/latex/lm/omllmm.fd
File: omllmm.fd 2009/10/30 v1.6 Font defs for Latin Modern
)
LaTeX Font Info:    Font shape `TU/latinmodern-math.otf(2)/m/n' will be
(Font)              scaled to size 14.43915pt on input line 199.
LaTeX Font Info:    Font shape `TU/latinmodern-math.otf(2)/m/n' will be
(Font)              scaled to size 10.10739pt on input line 199.
LaTeX Font Info:    Font shape `TU/latinmodern-math.otf(2)/m/n' will be
(Font)              scaled to size 7.21957pt on input line 199.
LaTeX Font Info:    Font shape `TU/latinmodern-math.otf(3)/m/n' will be
(Font)              scaled to size 14.43622pt on input line 199.
LaTeX Font Info:    Font shape `TU/latinmodern-math.otf(3)/m/n' will be
(Font)              scaled to size 10.10533pt on input line 199.
LaTeX Font Info:    Font shape `TU/latinmodern-math.otf(3)/m/n' will be
(Font)              scaled to size 7.21811pt on input line 199.
LaTeX Font Info:    Trying to load font information for U+msa on input line 199
.
(c:/Users/lsbap/AppData/Roaming/TinyTeX/texmf-dist/tex/latex/amsfonts/umsa.fd
File: umsa.fd 2013/01/14 v3.01 AMS symbols A
)
LaTeX Font Info:    Trying to load font information for U+msb on input line 199
.
(c:/Users/lsbap/AppData/Roaming/TinyTeX/texmf-dist/tex/latex/amsfonts/umsb.fd
File: umsb.fd 2013/01/14 v3.01 AMS symbols B
)
LaTeX Font Info:    Trying to load font information for OT1+lmr on input line 1
99.
(c:/Users/lsbap/AppData/Roaming/TinyTeX/texmf-dist/tex/latex/lm/ot1lmr.fd
File: ot1lmr.fd 2009/10/30 v1.6 Font defs for Latin Modern
)
LaTeX Font Info:    Trying to load font information for OMS+lmsy on input line 
199.
(c:/Users/lsbap/AppData/Roaming/TinyTeX/texmf-dist/tex/latex/lm/omslmsy.fd
File: omslmsy.fd 2009/10/30 v1.6 Font defs for Latin Modern
)
File: image/logo.png Graphic file (type bmp)
<image/logo.png>

Underfull \vbox (badness 10000) has occurred while \output is active []

[1

]
Underfull \vbox (badness 10000) has occurred while \output is active []

[1]
LaTeX Font Info:    Font shape `TU/Arial(0)/m/n' will be
(Font)              scaled to size 24.88pt on input line 234.
LaTeX Font Info:    Font shape `TU/Arial(0)/b/n' will be
(Font)              scaled to size 24.88pt on input line 234.
LaTeX Font Info:    Font shape `TU/Arial(0)/b/n' will be
(Font)              scaled to size 12.0pt on input line 238.
LaTeX Font Info:    Font shape `TU/Arial(0)/m/it' will be
(Font)              scaled to size 12.0pt on input line 240.
[2


] [3

]
LaTeX Font Info:    Font shape `TU/Arial(0)/m/it' will be
(Font)              scaled to size 17.28pt on input line 276.
[4

] [5


] (./bookdown-demo.toc
Underfull \hbox (badness 1237) in paragraph at lines 14--14
 [][] [][]\TU/Arial(0)/m/n/12 Heteroscedasticidade condicional auto-regressiva 
generali- 
 []


Underfull \hbox (badness 1237) in paragraph at lines 15--15
 [][] [][]\TU/Arial(0)/m/n/12 Heteroscedasticidade condicional auto-regressiva 
generali- 
 []

[6

]
LaTeX Font Info:    Font shape `TU/Arial(0)/m/n' will be
(Font)              scaled to size 14.4pt on input line 50.
LaTeX Font Info:    Font shape `TU/Arial(0)/b/n' will be
(Font)              scaled to size 14.4pt on input line 50.
)
\tf@toc=\write6
\openout6 = `bookdown-demo.toc'.

[7] (./bookdown-demo.lot)
\tf@lot=\write7
\openout7 = `bookdown-demo.lot'.

[8

] (./bookdown-demo.lof [9

])
\tf@lof=\write8
\openout8 = `bookdown-demo.lof'.

[10]
Underfull \hbox (badness 10000) in paragraph at lines 295--296

 []


Underfull \hbox (badness 10000) in paragraph at lines 297--298

 []


Underfull \hbox (badness 10000) in paragraph at lines 299--300

 []


Underfull \hbox (badness 10000) in paragraph at lines 301--302

 []


Underfull \hbox (badness 10000) in paragraph at lines 303--304

 []


Underfull \hbox (badness 2426) in paragraph at lines 305--306
[]\TU/Arial(0)/m/n/12 EGARCH - Heteroscedasticidade condicional auto-regressiva
 generalizada
 []


Underfull \hbox (badness 10000) in paragraph at lines 305--306

 []


Underfull \hbox (badness 10000) in paragraph at lines 307--308

 []


Underfull \hbox (badness 10000) in paragraph at lines 309--310

 []


Underfull \hbox (badness 10000) in paragraph at lines 311--312

 []


Underfull \hbox (badness 10000) in paragraph at lines 313--314

 []


Underfull \hbox (badness 10000) in paragraph at lines 315--316

 []


Underfull \hbox (badness 10000) in paragraph at lines 317--318

 []


Underfull \hbox (badness 10000) in paragraph at lines 319--320

 []


Underfull \hbox (badness 10000) in paragraph at lines 321--322

 []

[11

]
Underfull \hbox (badness 10000) in paragraph at lines 323--324

 []


Underfull \hbox (badness 10000) in paragraph at lines 325--326

 []


Underfull \hbox (badness 10000) in paragraph at lines 327--328

 []


Underfull \hbox (badness 10000) in paragraph at lines 329--330

 []


Underfull \hbox (badness 10000) in paragraph at lines 331--332

 []


Underfull \hbox (badness 10000) in paragraph at lines 333--334

 []


Underfull \hbox (badness 10000) in paragraph at lines 335--336

 []


Underfull \hbox (badness 10000) in paragraph at lines 337--338

 []


Underfull \hbox (badness 10000) in paragraph at lines 339--340

 []


Underfull \hbox (badness 10000) in paragraph at lines 341--342

 []


Underfull \hbox (badness 10000) in paragraph at lines 343--344

 []


Underfull \hbox (badness 10000) in paragraph at lines 345--346

 []


Underfull \hbox (badness 10000) in paragraph at lines 347--348

 []


Underfull \hbox (badness 10000) in paragraph at lines 349--350

 []


Underfull \hbox (badness 10000) in paragraph at lines 351--352

 []

[12]
Underfull \hbox (badness 10000) in paragraph at lines 353--354

 []


Underfull \hbox (badness 10000) in paragraph at lines 355--356

 []

[13] [14

] [1

]
Underfull \vbox (badness 3514) has occurred while \output is active []

[2]
Underfull \vbox (badness 10000) has occurred while \output is active []

[3] [4] [5]
Cap\'{\i }tulo 1.
[6

]
LaTeX Font Info:    Font shape `TU/Arial(0)/b/n' will be
(Font)              scaled to size 17.28pt on input line 401.
LaTeX Font Info:    Font shape `TU/Arial(0)/m/n' will be
(Font)              scaled to size 8.4pt on input line 410.
LaTeX Font Info:    Font shape `TU/Arial(0)/m/n' will be
(Font)              scaled to size 10.0pt on input line 410.
LaTeX Font Info:    Font shape `TU/latinmodern-math.otf(1)/m/n' will be
(Font)              scaled to size 12.0314pt on input line 410.
LaTeX Font Info:    Font shape `TU/latinmodern-math.otf(1)/m/n' will be
(Font)              scaled to size 8.42198pt on input line 410.
LaTeX Font Info:    Font shape `TU/latinmodern-math.otf(1)/m/n' will be
(Font)              scaled to size 6.0157pt on input line 410.
LaTeX Font Info:    Font shape `TU/latinmodern-math.otf(2)/m/n' will be
(Font)              scaled to size 12.03262pt on input line 410.
LaTeX Font Info:    Font shape `TU/latinmodern-math.otf(2)/m/n' will be
(Font)              scaled to size 8.42284pt on input line 410.
LaTeX Font Info:    Font shape `TU/latinmodern-math.otf(2)/m/n' will be
(Font)              scaled to size 6.01631pt on input line 410.
LaTeX Font Info:    Font shape `TU/latinmodern-math.otf(3)/m/n' will be
(Font)              scaled to size 12.03018pt on input line 410.
LaTeX Font Info:    Font shape `TU/latinmodern-math.otf(3)/m/n' will be
(Font)              scaled to size 8.42113pt on input line 410.
LaTeX Font Info:    Font shape `TU/latinmodern-math.otf(3)/m/n' will be
(Font)              scaled to size 6.01509pt on input line 410.
LaTeX Font Info:    Font shape `TU/Arial(0)/m/n' will be
(Font)              scaled to size 7.0pt on input line 410.
[7] [8]
Underfull \vbox (badness 10000) has occurred while \output is active []

[9]
Underfull \hbox (badness 10000) in paragraph at lines 468--468
|[]\TU/Arial(0)/b/n/17.28 Modelo auto-regressivo de mdias mveis
 []

[10] [11]
Underfull \vbox (badness 10000) has occurred while \output is active []

[12] [13] [14] [15] [16] [17]
Underfull \vbox (badness 10000) has occurred while \output is active []

[18]
LaTeX Font Info:    Font shape `TU/Arial(0)/m/it' will be
(Font)              scaled to size 8.4pt on input line 673.
[19]
File: image/fdistribuicao.png Graphic file (type bmp)
<image/fdistribuicao.png>
File: image/volatilitysmile.png Graphic file (type bmp)
<image/volatilitysmile.png>
[20] [21]
Underfull \vbox (badness 1394) has occurred while \output is active []

[22] [23]
File: image/covusa.png Graphic file (type bmp)
<image/covusa.png>
[24]
File: image/eficient.png Graphic file (type bmp)
<image/eficient.png>

Underfull \vbox (badness 10000) has occurred while \output is active []

[25] [26]
File: image/VaR.png Graphic file (type bmp)
<image/VaR.png>
LaTeX Font Info:    Font shape `TU/Arial(0)/m/n' will be
(Font)              scaled to size 6.0pt on input line 885.
[27]
Missing character: There is no  in font lmmi8!
File: image/kurtosis.png Graphic file (type bmp)
<image/kurtosis.png>
[28] [29]
Cap\'{\i }tulo 2.
[30

]
Underfull \vbox (badness 10000) has occurred while \output is active []

[31] [32]
Underfull \vbox (badness 3009) has occurred while \output is active []

[33] [34]
Cap\'{\i }tulo 3.
[35

]
Underfull \hbox (badness 10000) in paragraph at lines 1025--1025
[][][][]$[][][][][] [] [] [] [][][] [] [][][][][][][] [] [][][] [] [][] [] [][]
[][][][][][][][][][][] [] [][] [] [][][][][][][] [] [][][][][][][] [][] [][][][
] [][] [][][][][] [][] [][] [][] [][][][][] [][] [][][] [][] [][][] [] [][][][]
[] [][]
 []

File: image/cotacao.png Graphic file (type bmp)
<image/cotacao.png>
[36]
File: image/modelao.png Graphic file (type bmp)
<image/modelao.png>

LaTeX Warning: `!h' float specifier changed to `!ht'.

[37]
File: bookdown-demo_files/figure-latex/cotacao-1.pdf Graphic file (type pdf)
<use bookdown-demo_files/figure-latex/cotacao-1.pdf>
File: bookdown-demo_files/figure-latex/cotacao-2.pdf Graphic file (type pdf)
<use bookdown-demo_files/figure-latex/cotacao-2.pdf>
File: bookdown-demo_files/figure-latex/cotacao-3.pdf Graphic file (type pdf)
<use bookdown-demo_files/figure-latex/cotacao-3.pdf>
File: bookdown-demo_files/figure-latex/cotacao-4.pdf Graphic file (type pdf)
<use bookdown-demo_files/figure-latex/cotacao-4.pdf>
[38]
LaTeX Font Info:    Font shape `TU/Arial(0)/m/n' will be
(Font)              scaled to size 8.0pt on input line 1116.
File: bookdown-demo_files/figure-latex/volatilidade-1.pdf Graphic file (type pd
f)
<use bookdown-demo_files/figure-latex/volatilidade-1.pdf>
File: bookdown-demo_files/figure-latex/volatilidade-2.pdf Graphic file (type pd
f)
<use bookdown-demo_files/figure-latex/volatilidade-2.pdf>
File: bookdown-demo_files/figure-latex/volatilidade-3.pdf Graphic file (type pd
f)
<use bookdown-demo_files/figure-latex/volatilidade-3.pdf>
File: bookdown-demo_files/figure-latex/volatilidade-4.pdf Graphic file (type pd
f)
<use bookdown-demo_files/figure-latex/volatilidade-4.pdf>
[39]
Underfull \hbox (badness 2941) in paragraph at lines 1190--1190
[][][]\TU/Arial(0)/m/n/10 De acordo com os valores apresentados em []$[][][][][
] [] [] [] [][] [] [][][][][][][][][] [] [][][] [] [][][][] [] [][][][][][][][]
[][][] [] [][] []
 []

[40]
LaTeX Font Info:    Font shape `TU/lmtt/bx/n' in size <8> not available
(Font)              Font shape `TU/lmtt/b/n' tried instead on input line 1235.
[41]
File: bookdown-demo_files/figure-latex/distr-1.pdf Graphic file (type pdf)
<use bookdown-demo_files/figure-latex/distr-1.pdf>

LaTeX Warning: `!h' float specifier changed to `!ht'.

[42]
File: bookdown-demo_files/figure-latex/gewma-1.pdf Graphic file (type pdf)
<use bookdown-demo_files/figure-latex/gewma-1.pdf>
[43] [44]
File: bookdown-demo_files/figure-latex/sim-1.pdf Graphic file (type pdf)
<use bookdown-demo_files/figure-latex/sim-1.pdf>
File: bookdown-demo_files/figure-latex/sim-2.pdf Graphic file (type pdf)
<use bookdown-demo_files/figure-latex/sim-2.pdf>
File: bookdown-demo_files/figure-latex/sim-3.pdf Graphic file (type pdf)
<use bookdown-demo_files/figure-latex/sim-3.pdf>
File: bookdown-demo_files/figure-latex/sim-4.pdf Graphic file (type pdf)
<use bookdown-demo_files/figure-latex/sim-4.pdf>
[45] [46]
File: bookdown-demo_files/figure-latex/frontewma-1.pdf Graphic file (type pdf)
<use bookdown-demo_files/figure-latex/frontewma-1.pdf>
[47]
Underfull \hbox (badness 10000) in paragraph at lines 1587--1587
|[]\TU/Arial(0)/b/n/17.28 Modelo de Heterocedasticidade condicional
 []


Underfull \vbox (badness 1881) has occurred while \output is active []

[48] [49] [50]
File: bookdown-demo_files/figure-latex/TELplot-1.pdf Graphic file (type pdf)
<use bookdown-demo_files/figure-latex/TELplot-1.pdf>
[51] [52]

LaTeX Warning: `!h' float specifier changed to `!ht'.

[53]
File: bookdown-demo_files/figure-latex/ENELplot-1.pdf Graphic file (type pdf)
<use bookdown-demo_files/figure-latex/ENELplot-1.pdf>
[54] [55]
File: bookdown-demo_files/figure-latex/GLEplot-1.pdf Graphic file (type pdf)
<use bookdown-demo_files/figure-latex/GLEplot-1.pdf>
[56] [57]

LaTeX Warning: `!h' float specifier changed to `!ht'.

[58]
File: bookdown-demo_files/figure-latex/AIRplot-1.pdf Graphic file (type pdf)
<use bookdown-demo_files/figure-latex/AIRplot-1.pdf>
[59]
File: bookdown-demo_files/figure-latex/simgarch-1.pdf Graphic file (type pdf)
<use bookdown-demo_files/figure-latex/simgarch-1.pdf>
File: bookdown-demo_files/figure-latex/simgarch-2.pdf Graphic file (type pdf)
<use bookdown-demo_files/figure-latex/simgarch-2.pdf>
File: bookdown-demo_files/figure-latex/simgarch-3.pdf Graphic file (type pdf)
<use bookdown-demo_files/figure-latex/simgarch-3.pdf>
File: bookdown-demo_files/figure-latex/simgarch-4.pdf Graphic file (type pdf)
<use bookdown-demo_files/figure-latex/simgarch-4.pdf>

LaTeX Warning: `!h' float specifier changed to `!ht'.

[60]
File: bookdown-demo_files/figure-latex/frontgarch-1.pdf Graphic file (type pdf)

<use bookdown-demo_files/figure-latex/frontgarch-1.pdf>
[61] [62]
File: image/opcao.png Graphic file (type bmp)
<image/opcao.png>
File: bookdown-demo_files/figure-latex/simvi-1.pdf Graphic file (type pdf)
<use bookdown-demo_files/figure-latex/simvi-1.pdf>
File: bookdown-demo_files/figure-latex/simvi-2.pdf Graphic file (type pdf)
<use bookdown-demo_files/figure-latex/simvi-2.pdf>
File: bookdown-demo_files/figure-latex/simvi-3.pdf Graphic file (type pdf)
<use bookdown-demo_files/figure-latex/simvi-3.pdf>
File: bookdown-demo_files/figure-latex/simvi-4.pdf Graphic file (type pdf)
<use bookdown-demo_files/figure-latex/simvi-4.pdf>
[63]

LaTeX Warning: `!h' float specifier changed to `!ht'.

[64]
File: bookdown-demo_files/figure-latex/frontVI-1.pdf Graphic file (type pdf)
<use bookdown-demo_files/figure-latex/frontVI-1.pdf>
[65] [66]
Cap\'{\i }tulo 4.
[67

]
File: image/desvio.png Graphic file (type bmp)
<image/desvio.png>
File: image/pesos.png Graphic file (type bmp)
<image/pesos.png>
[68]
File: image/simulao.png Graphic file (type bmp)
<image/simulao.png>
[69]
File: image/dadosreais80dias.png Graphic file (type bmp)
<image/dadosreais80dias.png>
File: image/graficofinal.png Graphic file (type bmp)
<image/graficofinal.png>
[70]
File: image/mae.png Graphic file (type bmp)
<image/mae.png>
File: bookdown-demo_files/figure-latex/retggplot-1.pdf Graphic file (type pdf)
<use bookdown-demo_files/figure-latex/retggplot-1.pdf>
[71] [72

] (./bookdown-demo.bbl [73]
Underfull \hbox (badness 10000) in paragraph at lines 31--36
\TU/Arial(0)/m/n/12 from []$[][][][][] [] [] [] [][][] [] [][][][][][][][][][][
][][][][][][][] [] [][][][][][] [] [][] [] [][][][][][][][][][][][][][] [] [][]
[][][][][][][][] [] [][][] []
 []


Underfull \hbox (badness 10000) in paragraph at lines 31--36
[][][][][][][][] [] [][][][][][] [] [][][][] [] [][][][] [] [][][][][][][][] []
 [][][] [] [][][][][] [] [][] [] [][][][][][][][] [] [][][][][][] [] [][][][] [
] [][][][] []
 []

[74

]
Underfull \hbox (badness 1205) in paragraph at lines 64--70
[]\TU/Arial(0)/m/n/12 Hausken, F. O. H. and Rnold, A. H. (2018).  A dynamic ar
ma-garch mo-
 []


Underfull \hbox (badness 1609) in paragraph at lines 64--70
\TU/Arial(0)/m/n/12 del:forecasting returns and trading at the oslo stock excha
nge.  Masters
 []


Underfull \hbox (badness 5847) in paragraph at lines 64--70
\TU/Arial(0)/m/n/12 thesis, norwegian university of science and technology, Ret
rieved from
 []


Underfull \hbox (badness 10000) in paragraph at lines 64--70
[]$[][][][][] [] [] [] [][][][][][][][] [] [][][][] [] [][] [] [][][][] [][] []
[][][][] [] [][][][][][][][][] [] [][][][][][] [] [][][][][] [] [][][][][][][] 
[] [][][][][] []
 []

[75]
Underfull \hbox (badness 1377) in paragraph at lines 142--146
[]\TU/Arial(0)/m/n/12 Marques, M. I. G. (2017).  Aplicao dos modelos garch, e
garch e tgarch
 []


Underfull \hbox (badness 1902) in paragraph at lines 142--146
\TU/Arial(0)/m/n/12 no dax-30.  Masters thesis, iscal, Retrieved from []$[][][
][][] [] [] [] [][][][][][][][][][][] [] [][][] [] [][] []
 []


Underfull \hbox (badness 10000) in paragraph at lines 142--146
[][][][][][][][][] [] [][][][][] [] [][] [] [][][][] [] [] [] [][][][][][] [] [
][] [] [][] [] [][] [] [][][] [] [][][][][] [] [][][][][][][][][] []
 []


Underfull \hbox (badness 10000) in paragraph at lines 142--146
[][][][][][][] [] [][][][][][][][] [] [][][] [] [][][][][][][][] [] [][][][] []
 [][][][][] [] [][][][] [] [][] [][]
 []

[76]) [77] [78

] [79

]
File: image/ewmaport.png Graphic file (type bmp)
<image/ewmaport.png>
[80]
File: image/garchtef.png Graphic file (type bmp)
<image/garchtef.png>
[81]
File: image/garchenel.png Graphic file (type bmp)
<image/garchenel.png>
[82]
File: image/garchgle.png Graphic file (type bmp)
<image/garchgle.png>
[83]
File: image/air1.png Graphic file (type bmp)
<image/air1.png>
[84]
File: image/air2.png Graphic file (type bmp)
<image/air2.png>
[85]
File: image/garchport.png Graphic file (type bmp)
<image/garchport.png>
[86]
File: image/vi.png Graphic file (type bmp)
<image/vi.png>
[87]
File: image/realport.png Graphic file (type bmp)
<image/realport.png>
[88] (./bookdown-demo.aux)
Package rerunfilecheck Info: File `bookdown-demo.out' has not changed.
(rerunfilecheck)             Checksum: 555169B268F4CEE6EFD0DD41D37C6262;9335.
 ) 
Here is how much of TeX's memory you used:
 23038 strings out of 478952
 409527 string characters out of 5866257
 924088 words of memory out of 5000000
 42358 multiletter control sequences out of 15000+600000
 431730 words of font info for 118 fonts, out of 8000000 for 9000
 16 hyphenation exceptions out of 8191
 98i,10n,125p,1881b,765s stack positions out of 5000i,500n,10000p,200000b,80000s

Output written on bookdown-demo.pdf (103 pages).
