\BOOKMARK [0][-]{chapter*.5}{\376\377\000L\000i\000s\000t\000a\000\040\000d\000e\000\040\000T\000a\000b\000e\000l\000a\000s}{}% 1
\BOOKMARK [0][-]{chapter*.6}{\376\377\000L\000i\000s\000t\000a\000\040\000d\000e\000\040\000F\000i\000g\000u\000r\000a\000s}{}% 2
\BOOKMARK [0][-]{chapter*.7}{\376\377\000S\000i\000m\000b\000o\000l\000o\000g\000i\000a\000\040\000e\000\040\000n\000o\000t\000a\000\347\000\365\000e\000s}{}% 3
\BOOKMARK [0][-]{chapter*.8}{\376\377\000I\000n\000t\000r\000o\000d\000u\000\347\000\343\000o}{}% 4
\BOOKMARK [0][-]{chapter.1}{\376\377\000M\000o\000d\000e\000l\000a\000\347\000\343\000o\000\040\000E\000s\000t\000a\000t\000\355\000s\000t\000i\000c\000a\000\040\000n\000a\000\040\000O\000t\000i\000m\000i\000z\000a\000\347\000\343\000o\000\040\000d\000e\000\040\000P\000o\000r\000t\000f\000\363\000l\000i\000o\000s}{}% 5
\BOOKMARK [1][-]{section.1.1}{\376\377\000S\000e\000r\000i\000e\000s\000\040\000T\000e\000m\000p\000o\000r\000a\000i\000s}{chapter.1}% 6
\BOOKMARK [2][-]{subsection.1.1.1}{\376\377\000M\000o\000d\000e\000l\000a\000\347\000\343\000o\000\040\000d\000o\000\040\000p\000r\000e\000\347\000o\000\040\000d\000e\000\040\000a\000c\000\347\000\365\000e\000s}{section.1.1}% 7
\BOOKMARK [2][-]{subsection.1.1.2}{\376\377\000S\000i\000m\000u\000l\000a\000\347\000\343\000o\000\040\000d\000e\000\040\000M\000o\000n\000t\000e\000\040\000C\000a\000r\000l\000o}{section.1.1}% 8
\BOOKMARK [1][-]{section.1.2}{\376\377\000A\000R\000M\000A}{chapter.1}% 9
\BOOKMARK [1][-]{section.1.3}{\376\377\000V\000o\000l\000a\000t\000i\000l\000i\000d\000a\000d\000e}{chapter.1}% 10
\BOOKMARK [2][-]{subsection.1.3.1}{\376\377\000A\000u\000t\000o\000R\000e\000g\000r\000e\000s\000s\000i\000v\000e\000\040\000C\000o\000n\000d\000i\000t\000i\000o\000n\000a\000l\000\040\000H\000e\000t\000e\000r\000o\000s\000c\000e\000d\000a\000s\000t\000i\000c\000i\000t\000y\000\040\000\050\000A\000R\000C\000H\000\051}{section.1.3}% 11
\BOOKMARK [2][-]{subsection.1.3.2}{\376\377\000E\000x\000p\000o\000n\000e\000n\000t\000i\000a\000l\000l\000y\000\040\000w\000e\000i\000g\000h\000t\000e\000d\000\040\000m\000o\000v\000i\000n\000g\000\040\000a\000v\000e\000r\000a\000g\000e\000\040\000\050\000E\000W\000M\000A\000\051}{section.1.3}% 12
\BOOKMARK [2][-]{subsection.1.3.3}{\376\377\000G\000e\000n\000e\000r\000a\000l\000i\000z\000e\000d\000\040\000a\000u\000t\000o\000r\000e\000g\000r\000e\000s\000s\000i\000v\000e\000\040\000c\000o\000n\000d\000i\000t\000i\000o\000n\000a\000l\000\040\000h\000e\000t\000e\000r\000o\000s\000k\000e\000d\000a\000s\000t\000i\000c\000i\000t\000y\000\040\000\050\000G\000A\000R\000C\000H\000\051}{section.1.3}% 13
\BOOKMARK [2][-]{subsection.1.3.4}{\376\377\000E\000x\000p\000o\000n\000e\000n\000t\000i\000a\000l\000\040\000G\000e\000n\000e\000r\000a\000l\000i\000z\000e\000d\000\040\000A\000u\000t\000o\000r\000e\000g\000r\000e\000s\000s\000i\000v\000e\000\040\000C\000o\000n\000d\000i\000t\000i\000o\000n\000a\000l\000\040\000H\000e\000t\000e\000r\000o\000s\000c\000e\000d\000a\000s\000t\000i\000c\000\040\000\050\000E\000G\000A\000R\000C\000H\000\051}{section.1.3}% 14
\BOOKMARK [2][-]{subsection.1.3.5}{\376\377\000V\000o\000l\000a\000t\000i\000l\000i\000d\000a\000d\000e\000\040\000i\000m\000p\000l\000\355\000c\000i\000t\000a}{section.1.3}% 15
\BOOKMARK [1][-]{section.1.4}{\376\377\000P\000o\000r\000t\000f\000o\000l\000i\000o\000s\000\040\000m\000\351\000d\000i\000a\000-\000v\000a\000r\000i\000\342\000n\000c\000i\000a}{chapter.1}% 16
\BOOKMARK [1][-]{section.1.5}{\376\377\000V\000a\000l\000u\000e\000\040\000a\000t\000\040\000R\000i\000s\000k}{chapter.1}% 17
\BOOKMARK [2][-]{subsection.1.5.1}{\376\377\000V\000a\000R\000\040\000P\000a\000r\000a\000m\000\351\000t\000r\000i\000c\000o\000\040\000\050\000G\000a\000u\000s\000s\000i\000a\000n\000a\000\051}{section.1.5}% 18
\BOOKMARK [2][-]{subsection.1.5.2}{\376\377\000V\000a\000R\000\040\000P\000a\000r\000a\000m\000\351\000t\000r\000i\000c\000o\000\040\000\050\000A\000p\000r\000o\000x\000i\000m\000a\000\347\000\343\000o\000\040\000C\000o\000r\000n\000i\000s\000h\000-\000F\000i\000s\000h\000e\000r\000\051}{section.1.5}% 19
\BOOKMARK [0][-]{chapter.2}{\376\377\000S\000o\000f\000t\000w\000a\000r\000e\000\040\000R}{}% 20
\BOOKMARK [1][-]{section.2.1}{\376\377\000I\000n\000t\000r\000o\000d\000u\000\347\000\343\000o}{chapter.2}% 21
\BOOKMARK [1][-]{section.2.2}{\376\377\000F\000i\000n\000a\000n\000\347\000a\000s\000\040\000e\000\040\000R}{chapter.2}% 22
\BOOKMARK [2][-]{subsection.2.2.1}{\376\377\000f\000G\000a\000r\000c\000h}{section.2.2}% 23
\BOOKMARK [2][-]{subsection.2.2.2}{\376\377\000f\000P\000o\000r\000t\000f\000o\000l\000i\000o}{section.2.2}% 24
\BOOKMARK [2][-]{subsection.2.2.3}{\376\377\000P\000o\000r\000t\000e\000s}{section.2.2}% 25
\BOOKMARK [2][-]{subsection.2.2.4}{\376\377\000R\000Q\000u\000a\000n\000t\000L\000i\000b}{section.2.2}% 26
\BOOKMARK [2][-]{subsection.2.2.5}{\376\377\000r\000u\000g\000a\000r\000c\000h}{section.2.2}% 27
\BOOKMARK [2][-]{subsection.2.2.6}{\376\377\000T\000i\000d\000y\000q\000u\000a\000n\000t}{section.2.2}% 28
\BOOKMARK [0][-]{chapter.3}{\376\377\000A\000p\000l\000i\000c\000a\000\347\000\343\000o\000\040\000a\000\040\000d\000a\000d\000o\000s\000\040\000d\000o\000\040\000m\000o\000d\000e\000l\000o}{}% 29
\BOOKMARK [1][-]{section.3.1}{\376\377\000I\000n\000t\000r\000o\000d\000u\000\347\000\343\000o}{chapter.3}% 30
\BOOKMARK [1][-]{section.3.2}{\376\377\000A\000n\000\341\000l\000i\000s\000e\000\040\000d\000e\000s\000c\000r\000i\000t\000i\000v\000a\000\040\000d\000o\000s\000\040\000d\000a\000d\000o\000s}{chapter.3}% 31
\BOOKMARK [1][-]{section.3.3}{\376\377\000E\000W\000M\000A}{chapter.3}% 32
\BOOKMARK [2][-]{subsection.3.3.1}{\376\377\000S\000i\000m\000u\000l\000a\000\347\000\343\000o\000\040\000E\000W\000M\000A}{section.3.3}% 33
\BOOKMARK [2][-]{subsection.3.3.2}{\376\377\000P\000o\000r\000t\000f\000o\000l\000i\000o\000\040\000E\000W\000M\000A}{section.3.3}% 34
\BOOKMARK [1][-]{section.3.4}{\376\377\000G\000A\000R\000C\000H}{chapter.3}% 35
\BOOKMARK [2][-]{subsection.3.4.1}{\376\377\000T\000E\000L\000E\000F\000\323\000N\000I\000C\000A}{section.3.4}% 36
\BOOKMARK [2][-]{subsection.3.4.2}{\376\377\000E\000N\000E\000L}{section.3.4}% 37
\BOOKMARK [2][-]{subsection.3.4.3}{\376\377\000S\000O\000C\000I\000\311\000T\000\311\000\040\000G\000\311\000N\000\311\000R\000A\000L\000E}{section.3.4}% 38
\BOOKMARK [2][-]{subsection.3.4.4}{\376\377\000A\000I\000R\000B\000U\000S}{section.3.4}% 39
\BOOKMARK [2][-]{subsection.3.4.5}{\376\377\000S\000i\000m\000u\000l\000a\000\347\000\343\000o\000\040\000G\000A\000R\000C\000H}{section.3.4}% 40
\BOOKMARK [2][-]{subsection.3.4.6}{\376\377\000P\000o\000r\000t\000f\000o\000l\000i\000o\000\040\000G\000A\000R\000C\000H}{section.3.4}% 41
\BOOKMARK [1][-]{section.3.5}{\376\377\000V\000o\000l\000a\000t\000i\000l\000i\000d\000a\000d\000e\000\040\000i\000m\000p\000l\000i\000c\000i\000t\000a}{chapter.3}% 42
\BOOKMARK [2][-]{subsection.3.5.1}{\376\377\000S\000i\000m\000u\000l\000a\000\347\000\343\000o\000\040\000V\000o\000l\000a\000t\000i\000l\000i\000d\000a\000d\000e\000\040\000i\000m\000p\000l\000i\000c\000i\000t\000a}{section.3.5}% 43
\BOOKMARK [2][-]{subsection.3.5.2}{\376\377\000P\000o\000r\000t\000f\000o\000l\000i\000o\000\040\000v\000o\000l\000a\000t\000i\000l\000i\000d\000a\000d\000e\000\040\000\355\000m\000p\000l\000i\000c\000i\000t\000a}{section.3.5}% 44
\BOOKMARK [0][-]{chapter.4}{\376\377\000A\000p\000r\000e\000s\000e\000n\000t\000a\000\347\000\343\000o\000\040\000d\000o\000s\000\040\000r\000e\000s\000u\000l\000t\000a\000d\000o\000s}{}% 45
\BOOKMARK [1][-]{section.4.1}{\376\377\000A\000p\000r\000e\000s\000e\000n\000t\000a\000\347\000\343\000o\000\040\000d\000o\000s\000\040\000r\000e\000s\000u\000l\000t\000a\000d\000o\000s}{chapter.4}% 46
\BOOKMARK [2][-]{subsection.4.1.1}{\376\377\000B\000E\000N\000C\000H\000M\000A\000R\000K}{section.4.1}% 47
\BOOKMARK [0][-]{chapter*.57}{\376\377\000C\000o\000n\000c\000l\000u\000s\000\343\000o}{}% 48
\BOOKMARK [0][-]{chapter*.58}{\376\377\000B\000i\000b\000l\000i\000o\000g\000r\000a\000f\000i\000a}{}% 49
\BOOKMARK [-1][-]{part*.59}{\376\377\000A\000p\000\352\000n\000d\000i\000c\000e\000s}{}% 50
